INSTR Conversion
================
PC#: 0
JAL LOAD_SPRITES: LR  
CASE: 22
16000550

PC#: 1
JAL INIT_VARS: LR  
CASE: 22
16038650

PC#: 2
JAL FILL_BACKROUND: LR  
CASE: 22
16040F50

PC#: 3
JAL DEBUG_FILL: LR  
CASE: 22
1603AE50

PC#: 4
JMP START:   
CASE: 21
1506F700

PC#: 5
MOV G0 0006  
CASE: 26
1A800060

PC#: 6
SW ZERO G0 0000 
CASE: 17
11080000

PC#: 7
MOV G0 0010  
CASE: 26
1A800100

PC#: 8
SW ZERO G0 0001 
CASE: 17
11080001

PC#: 9
MOV G0 0011  
CASE: 26
1A800110

PC#: 10
SW ZERO G0 0002 
CASE: 17
11080002

PC#: 11
MOV G0 0012  
CASE: 26
1A800120

PC#: 12
SW ZERO G0 0003 
CASE: 17
11080003

PC#: 13
MOV G0 0013  
CASE: 26
1A800130

PC#: 14
SW ZERO G0 0004 
CASE: 17
11080004

PC#: 15
MOV G0 0006  
CASE: 26
1A800060

PC#: 16
SW ZERO G0 0005 
CASE: 17
11080005

PC#: 17
MOV G0 0031  
CASE: 26
1A800310

PC#: 18
SW ZERO G0 0006 
CASE: 17
11080006

PC#: 19
MOV G0 0021  
CASE: 26
1A800210

PC#: 20
SW ZERO G0 0007 
CASE: 17
11080007

PC#: 21
MOV G0 0011  
CASE: 26
1A800110

PC#: 22
SW ZERO G0 0008 
CASE: 17
11080008

PC#: 23
MOV G0 0001  
CASE: 26
1A800010

PC#: 24
SW ZERO G0 0009 
CASE: 17
11080009

PC#: 25
MOV G0 0006  
CASE: 26
1A800060

PC#: 26
SW ZERO G0 000A 
CASE: 17
1108000A

PC#: 27
MOV G0 0010  
CASE: 26
1A800100

PC#: 28
SW ZERO G0 000B 
CASE: 17
1108000B

PC#: 29
MOV G0 0011  
CASE: 26
1A800110

PC#: 30
SW ZERO G0 000C 
CASE: 17
1108000C

PC#: 31
MOV G0 0012  
CASE: 26
1A800120

PC#: 32
SW ZERO G0 000D 
CASE: 17
1108000D

PC#: 33
MOV G0 0013  
CASE: 26
1A800130

PC#: 34
SW ZERO G0 000E 
CASE: 17
1108000E

PC#: 35
MOV G0 0006  
CASE: 26
1A800060

PC#: 36
SW ZERO G0 000F 
CASE: 17
1108000F

PC#: 37
MOV G0 0031  
CASE: 26
1A800310

PC#: 38
SW ZERO G0 0010 
CASE: 17
11080010

PC#: 39
MOV G0 0021  
CASE: 26
1A800210

PC#: 40
SW ZERO G0 0011 
CASE: 17
11080011

PC#: 41
MOV G0 0011  
CASE: 26
1A800110

PC#: 42
SW ZERO G0 0012 
CASE: 17
11080012

PC#: 43
MOV G0 0001  
CASE: 26
1A800010

PC#: 44
SW ZERO G0 0013 
CASE: 17
11080013

PC#: 45
MOV G0 FFFF  
CASE: 26
1A8FFFF0

PC#: 46
SW ZERO G0 0014 
CASE: 17
11080014

PC#: 47
MOV G0 AFAF  
CASE: 26
1A8AFAF0

PC#: 48
SW ZERO G0 0015 
CASE: 17
11080015

PC#: 49
MOV G0 AFAF  
CASE: 26
1A8AFAF0

PC#: 50
SW ZERO G0 0016 
CASE: 17
11080016

PC#: 51
MOV G0 AFAF  
CASE: 26
1A8AFAF0

PC#: 52
SW ZERO G0 0017 
CASE: 17
11080017

PC#: 53
MOV G0 AFAF  
CASE: 26
1A8AFAF0

PC#: 54
SW ZERO G0 0018 
CASE: 17
11080018

PC#: 55
MOV G0 AFAF  
CASE: 26
1A8AFAF0

PC#: 56
SW ZERO G0 0019 
CASE: 17
11080019

PC#: 57
MOV G0 AFAF  
CASE: 26
1A8AFAF0

PC#: 58
SW ZERO G0 001A 
CASE: 17
1108001A

PC#: 59
MOV G0 AFAF  
CASE: 26
1A8AFAF0

PC#: 60
SW ZERO G0 001B 
CASE: 17
1108001B

PC#: 61
MOV G0 AFAF  
CASE: 26
1A8AFAF0

PC#: 62
SW ZERO G0 001C 
CASE: 17
1108001C

PC#: 63
MOV G0 AFAF  
CASE: 26
1A8AFAF0

PC#: 64
SW ZERO G0 001D 
CASE: 17
1108001D

PC#: 65
MOV G0 AFAF  
CASE: 26
1A8AFAF0

PC#: 66
SW ZERO G0 001E 
CASE: 17
1108001E

PC#: 67
MOV G0 AFAF  
CASE: 26
1A8AFAF0

PC#: 68
SW ZERO G0 001F 
CASE: 17
1108001F

PC#: 69
MOV G0 0004  
CASE: 26
1A800040

PC#: 70
SW ZERO G0 0020 
CASE: 17
11080020

PC#: 71
MOV G0 0010  
CASE: 26
1A800100

PC#: 72
SW ZERO G0 0021 
CASE: 17
11080021

PC#: 73
MOV G0 0011  
CASE: 26
1A800110

PC#: 74
SW ZERO G0 0022 
CASE: 17
11080022

PC#: 75
MOV G0 0012  
CASE: 26
1A800120

PC#: 76
SW ZERO G0 0023 
CASE: 17
11080023

PC#: 77
MOV G0 0013  
CASE: 26
1A800130

PC#: 78
SW ZERO G0 0024 
CASE: 17
11080024

PC#: 79
MOV G0 0001  
CASE: 26
1A800010

PC#: 80
SW ZERO G0 0025 
CASE: 17
11080025

PC#: 81
MOV G0 0031  
CASE: 26
1A800310

PC#: 82
SW ZERO G0 0026 
CASE: 17
11080026

PC#: 83
MOV G0 AFAF  
CASE: 26
1A8AFAF0

PC#: 84
SW ZERO G0 0027 
CASE: 17
11080027

PC#: 85
MOV G0 AFAF  
CASE: 26
1A8AFAF0

PC#: 86
SW ZERO G0 0028 
CASE: 17
11080028

PC#: 87
MOV G0 AFAF  
CASE: 26
1A8AFAF0

PC#: 88
SW ZERO G0 0029 
CASE: 17
11080029

PC#: 89
MOV G0 0004  
CASE: 26
1A800040

PC#: 90
SW ZERO G0 002A 
CASE: 17
1108002A

PC#: 91
MOV G0 0010  
CASE: 26
1A800100

PC#: 92
SW ZERO G0 002B 
CASE: 17
1108002B

PC#: 93
MOV G0 0011  
CASE: 26
1A800110

PC#: 94
SW ZERO G0 002C 
CASE: 17
1108002C

PC#: 95
MOV G0 0012  
CASE: 26
1A800120

PC#: 96
SW ZERO G0 002D 
CASE: 17
1108002D

PC#: 97
MOV G0 0013  
CASE: 26
1A800130

PC#: 98
SW ZERO G0 002E 
CASE: 17
1108002E

PC#: 99
MOV G0 0001  
CASE: 26
1A800010

PC#: 100
SW ZERO G0 002F 
CASE: 17
1108002F

PC#: 101
MOV G0 0031  
CASE: 26
1A800310

PC#: 102
SW ZERO G0 0030 
CASE: 17
11080030

PC#: 103
MOV G0 AFAF  
CASE: 26
1A8AFAF0

PC#: 104
SW ZERO G0 0031 
CASE: 17
11080031

PC#: 105
MOV G0 AFAF  
CASE: 26
1A8AFAF0

PC#: 106
SW ZERO G0 0032 
CASE: 17
11080032

PC#: 107
MOV G0 AFAF  
CASE: 26
1A8AFAF0

PC#: 108
SW ZERO G0 0033 
CASE: 17
11080033

PC#: 109
MOV G0 FFFF  
CASE: 26
1A8FFFF0

PC#: 110
SW ZERO G0 0034 
CASE: 17
11080034

PC#: 111
MOV G0 AFAF  
CASE: 26
1A8AFAF0

PC#: 112
SW ZERO G0 0035 
CASE: 17
11080035

PC#: 113
MOV G0 AFAF  
CASE: 26
1A8AFAF0

PC#: 114
SW ZERO G0 0036 
CASE: 17
11080036

PC#: 115
MOV G0 AFAF  
CASE: 26
1A8AFAF0

PC#: 116
SW ZERO G0 0037 
CASE: 17
11080037

PC#: 117
MOV G0 AFAF  
CASE: 26
1A8AFAF0

PC#: 118
SW ZERO G0 0038 
CASE: 17
11080038

PC#: 119
MOV G0 AFAF  
CASE: 26
1A8AFAF0

PC#: 120
SW ZERO G0 0039 
CASE: 17
11080039

PC#: 121
MOV G0 AFAF  
CASE: 26
1A8AFAF0

PC#: 122
SW ZERO G0 003A 
CASE: 17
1108003A

PC#: 123
MOV G0 AFAF  
CASE: 26
1A8AFAF0

PC#: 124
SW ZERO G0 003B 
CASE: 17
1108003B

PC#: 125
MOV G0 AFAF  
CASE: 26
1A8AFAF0

PC#: 126
SW ZERO G0 003C 
CASE: 17
1108003C

PC#: 127
MOV G0 AFAF  
CASE: 26
1A8AFAF0

PC#: 128
SW ZERO G0 003D 
CASE: 17
1108003D

PC#: 129
MOV G0 AFAF  
CASE: 26
1A8AFAF0

PC#: 130
SW ZERO G0 003E 
CASE: 17
1108003E

PC#: 131
MOV G0 AFAF  
CASE: 26
1A8AFAF0

PC#: 132
SW ZERO G0 003F 
CASE: 17
1108003F

PC#: 133
MOV G0 0005  
CASE: 26
1A800050

PC#: 134
SW ZERO G0 0040 
CASE: 17
11080040

PC#: 135
MOV G0 0021  
CASE: 26
1A800210

PC#: 136
SW ZERO G0 0041 
CASE: 17
11080041

PC#: 137
MOV G0 0022  
CASE: 26
1A800220

PC#: 138
SW ZERO G0 0042 
CASE: 17
11080042

PC#: 139
MOV G0 0011  
CASE: 26
1A800110

PC#: 140
SW ZERO G0 0043 
CASE: 17
11080043

PC#: 141
MOV G0 0012  
CASE: 26
1A800120

PC#: 142
SW ZERO G0 0044 
CASE: 17
11080044

PC#: 143
MOV G0 0005  
CASE: 26
1A800050

PC#: 144
SW ZERO G0 0045 
CASE: 17
11080045

PC#: 145
MOV G0 0021  
CASE: 26
1A800210

PC#: 146
SW ZERO G0 0046 
CASE: 17
11080046

PC#: 147
MOV G0 0022  
CASE: 26
1A800220

PC#: 148
SW ZERO G0 0047 
CASE: 17
11080047

PC#: 149
MOV G0 0011  
CASE: 26
1A800110

PC#: 150
SW ZERO G0 0048 
CASE: 17
11080048

PC#: 151
MOV G0 0012  
CASE: 26
1A800120

PC#: 152
SW ZERO G0 0049 
CASE: 17
11080049

PC#: 153
MOV G0 0005  
CASE: 26
1A800050

PC#: 154
SW ZERO G0 004A 
CASE: 17
1108004A

PC#: 155
MOV G0 0021  
CASE: 26
1A800210

PC#: 156
SW ZERO G0 004B 
CASE: 17
1108004B

PC#: 157
MOV G0 0022  
CASE: 26
1A800220

PC#: 158
SW ZERO G0 004C 
CASE: 17
1108004C

PC#: 159
MOV G0 0011  
CASE: 26
1A800110

PC#: 160
SW ZERO G0 004D 
CASE: 17
1108004D

PC#: 161
MOV G0 0012  
CASE: 26
1A800120

PC#: 162
SW ZERO G0 004E 
CASE: 17
1108004E

PC#: 163
MOV G0 0005  
CASE: 26
1A800050

PC#: 164
SW ZERO G0 004F 
CASE: 17
1108004F

PC#: 165
MOV G0 0021  
CASE: 26
1A800210

PC#: 166
SW ZERO G0 0050 
CASE: 17
11080050

PC#: 167
MOV G0 0022  
CASE: 26
1A800220

PC#: 168
SW ZERO G0 0051 
CASE: 17
11080051

PC#: 169
MOV G0 0011  
CASE: 26
1A800110

PC#: 170
SW ZERO G0 0052 
CASE: 17
11080052

PC#: 171
MOV G0 0012  
CASE: 26
1A800120

PC#: 172
SW ZERO G0 0053 
CASE: 17
11080053

PC#: 173
MOV G0 FFFF  
CASE: 26
1A8FFFF0

PC#: 174
SW ZERO G0 0054 
CASE: 17
11080054

PC#: 175
MOV G0 AFAF  
CASE: 26
1A8AFAF0

PC#: 176
SW ZERO G0 0055 
CASE: 17
11080055

PC#: 177
MOV G0 AFAF  
CASE: 26
1A8AFAF0

PC#: 178
SW ZERO G0 0056 
CASE: 17
11080056

PC#: 179
MOV G0 AFAF  
CASE: 26
1A8AFAF0

PC#: 180
SW ZERO G0 0057 
CASE: 17
11080057

PC#: 181
MOV G0 AFAF  
CASE: 26
1A8AFAF0

PC#: 182
SW ZERO G0 0058 
CASE: 17
11080058

PC#: 183
MOV G0 AFAF  
CASE: 26
1A8AFAF0

PC#: 184
SW ZERO G0 0059 
CASE: 17
11080059

PC#: 185
MOV G0 AFAF  
CASE: 26
1A8AFAF0

PC#: 186
SW ZERO G0 005A 
CASE: 17
1108005A

PC#: 187
MOV G0 AFAF  
CASE: 26
1A8AFAF0

PC#: 188
SW ZERO G0 005B 
CASE: 17
1108005B

PC#: 189
MOV G0 AFAF  
CASE: 26
1A8AFAF0

PC#: 190
SW ZERO G0 005C 
CASE: 17
1108005C

PC#: 191
MOV G0 AFAF  
CASE: 26
1A8AFAF0

PC#: 192
SW ZERO G0 005D 
CASE: 17
1108005D

PC#: 193
MOV G0 AFAF  
CASE: 26
1A8AFAF0

PC#: 194
SW ZERO G0 005E 
CASE: 17
1108005E

PC#: 195
MOV G0 AFAF  
CASE: 26
1A8AFAF0

PC#: 196
SW ZERO G0 005F 
CASE: 17
1108005F

PC#: 197
MOV G0 0002  
CASE: 26
1A800020

PC#: 198
SW ZERO G0 0060 
CASE: 17
11080060

PC#: 199
MOV G0 0021  
CASE: 26
1A800210

PC#: 200
SW ZERO G0 0061 
CASE: 17
11080061

PC#: 201
MOV G0 0022  
CASE: 26
1A800220

PC#: 202
SW ZERO G0 0062 
CASE: 17
11080062

PC#: 203
MOV G0 AFAF  
CASE: 26
1A8AFAF0

PC#: 204
SW ZERO G0 0063 
CASE: 17
11080063

PC#: 205
MOV G0 AFAF  
CASE: 26
1A8AFAF0

PC#: 206
SW ZERO G0 0064 
CASE: 17
11080064

PC#: 207
MOV G0 0002  
CASE: 26
1A800020

PC#: 208
SW ZERO G0 0065 
CASE: 17
11080065

PC#: 209
MOV G0 0021  
CASE: 26
1A800210

PC#: 210
SW ZERO G0 0066 
CASE: 17
11080066

PC#: 211
MOV G0 0022  
CASE: 26
1A800220

PC#: 212
SW ZERO G0 0067 
CASE: 17
11080067

PC#: 213
MOV G0 AFAF  
CASE: 26
1A8AFAF0

PC#: 214
SW ZERO G0 0068 
CASE: 17
11080068

PC#: 215
MOV G0 AFAF  
CASE: 26
1A8AFAF0

PC#: 216
SW ZERO G0 0069 
CASE: 17
11080069

PC#: 217
MOV G0 0002  
CASE: 26
1A800020

PC#: 218
SW ZERO G0 006A 
CASE: 17
1108006A

PC#: 219
MOV G0 0021  
CASE: 26
1A800210

PC#: 220
SW ZERO G0 006B 
CASE: 17
1108006B

PC#: 221
MOV G0 0022  
CASE: 26
1A800220

PC#: 222
SW ZERO G0 006C 
CASE: 17
1108006C

PC#: 223
MOV G0 AFAF  
CASE: 26
1A8AFAF0

PC#: 224
SW ZERO G0 006D 
CASE: 17
1108006D

PC#: 225
MOV G0 AFAF  
CASE: 26
1A8AFAF0

PC#: 226
SW ZERO G0 006E 
CASE: 17
1108006E

PC#: 227
MOV G0 0002  
CASE: 26
1A800020

PC#: 228
SW ZERO G0 006F 
CASE: 17
1108006F

PC#: 229
MOV G0 0021  
CASE: 26
1A800210

PC#: 230
SW ZERO G0 0070 
CASE: 17
11080070

PC#: 231
MOV G0 0022  
CASE: 26
1A800220

PC#: 232
SW ZERO G0 0071 
CASE: 17
11080071

PC#: 233
MOV G0 AFAF  
CASE: 26
1A8AFAF0

PC#: 234
SW ZERO G0 0072 
CASE: 17
11080072

PC#: 235
MOV G0 AFAF  
CASE: 26
1A8AFAF0

PC#: 236
SW ZERO G0 0073 
CASE: 17
11080073

PC#: 237
MOV G0 FFFF  
CASE: 26
1A8FFFF0

PC#: 238
SW ZERO G0 0074 
CASE: 17
11080074

PC#: 239
MOV G0 AFAF  
CASE: 26
1A8AFAF0

PC#: 240
SW ZERO G0 0075 
CASE: 17
11080075

PC#: 241
MOV G0 AFAF  
CASE: 26
1A8AFAF0

PC#: 242
SW ZERO G0 0076 
CASE: 17
11080076

PC#: 243
MOV G0 AFAF  
CASE: 26
1A8AFAF0

PC#: 244
SW ZERO G0 0077 
CASE: 17
11080077

PC#: 245
MOV G0 AFAF  
CASE: 26
1A8AFAF0

PC#: 246
SW ZERO G0 0078 
CASE: 17
11080078

PC#: 247
MOV G0 AFAF  
CASE: 26
1A8AFAF0

PC#: 248
SW ZERO G0 0079 
CASE: 17
11080079

PC#: 249
MOV G0 AFAF  
CASE: 26
1A8AFAF0

PC#: 250
SW ZERO G0 007A 
CASE: 17
1108007A

PC#: 251
MOV G0 AFAF  
CASE: 26
1A8AFAF0

PC#: 252
SW ZERO G0 007B 
CASE: 17
1108007B

PC#: 253
MOV G0 AFAF  
CASE: 26
1A8AFAF0

PC#: 254
SW ZERO G0 007C 
CASE: 17
1108007C

PC#: 255
MOV G0 AFAF  
CASE: 26
1A8AFAF0

PC#: 256
SW ZERO G0 007D 
CASE: 17
1108007D

PC#: 257
MOV G0 AFAF  
CASE: 26
1A8AFAF0

PC#: 258
SW ZERO G0 007E 
CASE: 17
1108007E

PC#: 259
MOV G0 AFAF  
CASE: 26
1A8AFAF0

PC#: 260
SW ZERO G0 007F 
CASE: 17
1108007F

PC#: 261
MOV G0 0003  
CASE: 26
1A800030

PC#: 262
SW ZERO G0 0080 
CASE: 17
11080080

PC#: 263
MOV G0 0020  
CASE: 26
1A800200

PC#: 264
SW ZERO G0 0081 
CASE: 17
11080081

PC#: 265
MOV G0 0021  
CASE: 26
1A800210

PC#: 266
SW ZERO G0 0082 
CASE: 17
11080082

PC#: 267
MOV G0 0011  
CASE: 26
1A800110

PC#: 268
SW ZERO G0 0083 
CASE: 17
11080083

PC#: 269
MOV G0 0012  
CASE: 26
1A800120

PC#: 270
SW ZERO G0 0084 
CASE: 17
11080084

PC#: 271
MOV G0 0003  
CASE: 26
1A800030

PC#: 272
SW ZERO G0 0085 
CASE: 17
11080085

PC#: 273
MOV G0 0021  
CASE: 26
1A800210

PC#: 274
SW ZERO G0 0086 
CASE: 17
11080086

PC#: 275
MOV G0 0010  
CASE: 26
1A800100

PC#: 276
SW ZERO G0 0087 
CASE: 17
11080087

PC#: 277
MOV G0 0011  
CASE: 26
1A800110

PC#: 278
SW ZERO G0 0088 
CASE: 17
11080088

PC#: 279
MOV G0 0000  
CASE: 26
1A800000

PC#: 280
SW ZERO G0 0089 
CASE: 17
11080089

PC#: 281
MOV G0 0003  
CASE: 26
1A800030

PC#: 282
SW ZERO G0 008A 
CASE: 17
1108008A

PC#: 283
MOV G0 0010  
CASE: 26
1A800100

PC#: 284
SW ZERO G0 008B 
CASE: 17
1108008B

PC#: 285
MOV G0 0011  
CASE: 26
1A800110

PC#: 286
SW ZERO G0 008C 
CASE: 17
1108008C

PC#: 287
MOV G0 0001  
CASE: 26
1A800010

PC#: 288
SW ZERO G0 008D 
CASE: 17
1108008D

PC#: 289
MOV G0 0002  
CASE: 26
1A800020

PC#: 290
SW ZERO G0 008E 
CASE: 17
1108008E

PC#: 291
MOV G0 0003  
CASE: 26
1A800030

PC#: 292
SW ZERO G0 008F 
CASE: 17
1108008F

PC#: 293
MOV G0 0021  
CASE: 26
1A800210

PC#: 294
SW ZERO G0 0090 
CASE: 17
11080090

PC#: 295
MOV G0 0010  
CASE: 26
1A800100

PC#: 296
SW ZERO G0 0091 
CASE: 17
11080091

PC#: 297
MOV G0 0011  
CASE: 26
1A800110

PC#: 298
SW ZERO G0 0092 
CASE: 17
11080092

PC#: 299
MOV G0 0000  
CASE: 26
1A800000

PC#: 300
SW ZERO G0 0093 
CASE: 17
11080093

PC#: 301
MOV G0 FFFF  
CASE: 26
1A8FFFF0

PC#: 302
SW ZERO G0 0094 
CASE: 17
11080094

PC#: 303
MOV G0 AFAF  
CASE: 26
1A8AFAF0

PC#: 304
SW ZERO G0 0095 
CASE: 17
11080095

PC#: 305
MOV G0 AFAF  
CASE: 26
1A8AFAF0

PC#: 306
SW ZERO G0 0096 
CASE: 17
11080096

PC#: 307
MOV G0 AFAF  
CASE: 26
1A8AFAF0

PC#: 308
SW ZERO G0 0097 
CASE: 17
11080097

PC#: 309
MOV G0 AFAF  
CASE: 26
1A8AFAF0

PC#: 310
SW ZERO G0 0098 
CASE: 17
11080098

PC#: 311
MOV G0 AFAF  
CASE: 26
1A8AFAF0

PC#: 312
SW ZERO G0 0099 
CASE: 17
11080099

PC#: 313
MOV G0 AFAF  
CASE: 26
1A8AFAF0

PC#: 314
SW ZERO G0 009A 
CASE: 17
1108009A

PC#: 315
MOV G0 AFAF  
CASE: 26
1A8AFAF0

PC#: 316
SW ZERO G0 009B 
CASE: 17
1108009B

PC#: 317
MOV G0 AFAF  
CASE: 26
1A8AFAF0

PC#: 318
SW ZERO G0 009C 
CASE: 17
1108009C

PC#: 319
MOV G0 AFAF  
CASE: 26
1A8AFAF0

PC#: 320
SW ZERO G0 009D 
CASE: 17
1108009D

PC#: 321
MOV G0 AFAF  
CASE: 26
1A8AFAF0

PC#: 322
SW ZERO G0 009E 
CASE: 17
1108009E

PC#: 323
MOV G0 AFAF  
CASE: 26
1A8AFAF0

PC#: 324
SW ZERO G0 009F 
CASE: 17
1108009F

PC#: 325
MOV G0 0003  
CASE: 26
1A800030

PC#: 326
SW ZERO G0 00A0 
CASE: 17
110800A0

PC#: 327
MOV G0 0020  
CASE: 26
1A800200

PC#: 328
SW ZERO G0 00A1 
CASE: 17
110800A1

PC#: 329
MOV G0 0021  
CASE: 26
1A800210

PC#: 330
SW ZERO G0 00A2 
CASE: 17
110800A2

PC#: 331
MOV G0 0012  
CASE: 26
1A800120

PC#: 332
SW ZERO G0 00A3 
CASE: 17
110800A3

PC#: 333
MOV G0 AFAF  
CASE: 26
1A8AFAF0

PC#: 334
SW ZERO G0 00A4 
CASE: 17
110800A4

PC#: 335
MOV G0 0002  
CASE: 26
1A800020

PC#: 336
SW ZERO G0 00A5 
CASE: 17
110800A5

PC#: 337
MOV G0 0021  
CASE: 26
1A800210

PC#: 338
SW ZERO G0 00A6 
CASE: 17
110800A6

PC#: 339
MOV G0 0010  
CASE: 26
1A800100

PC#: 340
SW ZERO G0 00A7 
CASE: 17
110800A7

PC#: 341
MOV G0 AFAF  
CASE: 26
1A8AFAF0

PC#: 342
SW ZERO G0 00A8 
CASE: 17
110800A8

PC#: 343
MOV G0 AFAF  
CASE: 26
1A8AFAF0

PC#: 344
SW ZERO G0 00A9 
CASE: 17
110800A9

PC#: 345
MOV G0 0003  
CASE: 26
1A800030

PC#: 346
SW ZERO G0 00AA 
CASE: 17
110800AA

PC#: 347
MOV G0 0010  
CASE: 26
1A800100

PC#: 348
SW ZERO G0 00AB 
CASE: 17
110800AB

PC#: 349
MOV G0 0011  
CASE: 26
1A800110

PC#: 350
SW ZERO G0 00AC 
CASE: 17
110800AC

PC#: 351
MOV G0 0002  
CASE: 26
1A800020

PC#: 352
SW ZERO G0 00AD 
CASE: 17
110800AD

PC#: 353
MOV G0 AFAF  
CASE: 26
1A8AFAF0

PC#: 354
SW ZERO G0 00AE 
CASE: 17
110800AE

PC#: 355
MOV G0 0002  
CASE: 26
1A800020

PC#: 356
SW ZERO G0 00AF 
CASE: 17
110800AF

PC#: 357
MOV G0 0021  
CASE: 26
1A800210

PC#: 358
SW ZERO G0 00B0 
CASE: 17
110800B0

PC#: 359
MOV G0 0010  
CASE: 26
1A800100

PC#: 360
SW ZERO G0 00B1 
CASE: 17
110800B1

PC#: 361
MOV G0 AFAF  
CASE: 26
1A8AFAF0

PC#: 362
SW ZERO G0 00B2 
CASE: 17
110800B2

PC#: 363
MOV G0 AFAF  
CASE: 26
1A8AFAF0

PC#: 364
SW ZERO G0 00B3 
CASE: 17
110800B3

PC#: 365
MOV G0 FFFF  
CASE: 26
1A8FFFF0

PC#: 366
SW ZERO G0 00B4 
CASE: 17
110800B4

PC#: 367
MOV G0 AFAF  
CASE: 26
1A8AFAF0

PC#: 368
SW ZERO G0 00B5 
CASE: 17
110800B5

PC#: 369
MOV G0 AFAF  
CASE: 26
1A8AFAF0

PC#: 370
SW ZERO G0 00B6 
CASE: 17
110800B6

PC#: 371
MOV G0 AFAF  
CASE: 26
1A8AFAF0

PC#: 372
SW ZERO G0 00B7 
CASE: 17
110800B7

PC#: 373
MOV G0 AFAF  
CASE: 26
1A8AFAF0

PC#: 374
SW ZERO G0 00B8 
CASE: 17
110800B8

PC#: 375
MOV G0 AFAF  
CASE: 26
1A8AFAF0

PC#: 376
SW ZERO G0 00B9 
CASE: 17
110800B9

PC#: 377
MOV G0 AFAF  
CASE: 26
1A8AFAF0

PC#: 378
SW ZERO G0 00BA 
CASE: 17
110800BA

PC#: 379
MOV G0 AFAF  
CASE: 26
1A8AFAF0

PC#: 380
SW ZERO G0 00BB 
CASE: 17
110800BB

PC#: 381
MOV G0 AFAF  
CASE: 26
1A8AFAF0

PC#: 382
SW ZERO G0 00BC 
CASE: 17
110800BC

PC#: 383
MOV G0 AFAF  
CASE: 26
1A8AFAF0

PC#: 384
SW ZERO G0 00BD 
CASE: 17
110800BD

PC#: 385
MOV G0 AFAF  
CASE: 26
1A8AFAF0

PC#: 386
SW ZERO G0 00BE 
CASE: 17
110800BE

PC#: 387
MOV G0 AFAF  
CASE: 26
1A8AFAF0

PC#: 388
SW ZERO G0 00BF 
CASE: 17
110800BF

PC#: 389
MOV G0 0002  
CASE: 26
1A800020

PC#: 390
SW ZERO G0 00C0 
CASE: 17
110800C0

PC#: 391
MOV G0 0021  
CASE: 26
1A800210

PC#: 392
SW ZERO G0 00C1 
CASE: 17
110800C1

PC#: 393
MOV G0 0022  
CASE: 26
1A800220

PC#: 394
SW ZERO G0 00C2 
CASE: 17
110800C2

PC#: 395
MOV G0 0010  
CASE: 26
1A800100

PC#: 396
SW ZERO G0 00C3 
CASE: 17
110800C3

PC#: 397
MOV G0 0011  
CASE: 26
1A800110

PC#: 398
SW ZERO G0 00C4 
CASE: 17
110800C4

PC#: 399
MOV G0 0002  
CASE: 26
1A800020

PC#: 400
SW ZERO G0 00C5 
CASE: 17
110800C5

PC#: 401
MOV G0 0020  
CASE: 26
1A800200

PC#: 402
SW ZERO G0 00C6 
CASE: 17
110800C6

PC#: 403
MOV G0 0010  
CASE: 26
1A800100

PC#: 404
SW ZERO G0 00C7 
CASE: 17
110800C7

PC#: 405
MOV G0 0011  
CASE: 26
1A800110

PC#: 406
SW ZERO G0 00C8 
CASE: 17
110800C8

PC#: 407
MOV G0 0001  
CASE: 26
1A800010

PC#: 408
SW ZERO G0 00C9 
CASE: 17
110800C9

PC#: 409
MOV G0 0002  
CASE: 26
1A800020

PC#: 410
SW ZERO G0 00CA 
CASE: 17
110800CA

PC#: 411
MOV G0 0011  
CASE: 26
1A800110

PC#: 412
SW ZERO G0 00CB 
CASE: 17
110800CB

PC#: 413
MOV G0 0012  
CASE: 26
1A800120

PC#: 414
SW ZERO G0 00CC 
CASE: 17
110800CC

PC#: 415
MOV G0 0000  
CASE: 26
1A800000

PC#: 416
SW ZERO G0 00CD 
CASE: 17
110800CD

PC#: 417
MOV G0 0001  
CASE: 26
1A800010

PC#: 418
SW ZERO G0 00CE 
CASE: 17
110800CE

PC#: 419
MOV G0 0002  
CASE: 26
1A800020

PC#: 420
SW ZERO G0 00CF 
CASE: 17
110800CF

PC#: 421
MOV G0 0020  
CASE: 26
1A800200

PC#: 422
SW ZERO G0 00D0 
CASE: 17
110800D0

PC#: 423
MOV G0 0010  
CASE: 26
1A800100

PC#: 424
SW ZERO G0 00D1 
CASE: 17
110800D1

PC#: 425
MOV G0 0011  
CASE: 26
1A800110

PC#: 426
SW ZERO G0 00D2 
CASE: 17
110800D2

PC#: 427
MOV G0 0001  
CASE: 26
1A800010

PC#: 428
SW ZERO G0 00D3 
CASE: 17
110800D3

PC#: 429
MOV G0 FFFF  
CASE: 26
1A8FFFF0

PC#: 430
SW ZERO G0 00D4 
CASE: 17
110800D4

PC#: 431
MOV G0 AFAF  
CASE: 26
1A8AFAF0

PC#: 432
SW ZERO G0 00D5 
CASE: 17
110800D5

PC#: 433
MOV G0 AFAF  
CASE: 26
1A8AFAF0

PC#: 434
SW ZERO G0 00D6 
CASE: 17
110800D6

PC#: 435
MOV G0 AFAF  
CASE: 26
1A8AFAF0

PC#: 436
SW ZERO G0 00D7 
CASE: 17
110800D7

PC#: 437
MOV G0 AFAF  
CASE: 26
1A8AFAF0

PC#: 438
SW ZERO G0 00D8 
CASE: 17
110800D8

PC#: 439
MOV G0 AFAF  
CASE: 26
1A8AFAF0

PC#: 440
SW ZERO G0 00D9 
CASE: 17
110800D9

PC#: 441
MOV G0 AFAF  
CASE: 26
1A8AFAF0

PC#: 442
SW ZERO G0 00DA 
CASE: 17
110800DA

PC#: 443
MOV G0 AFAF  
CASE: 26
1A8AFAF0

PC#: 444
SW ZERO G0 00DB 
CASE: 17
110800DB

PC#: 445
MOV G0 AFAF  
CASE: 26
1A8AFAF0

PC#: 446
SW ZERO G0 00DC 
CASE: 17
110800DC

PC#: 447
MOV G0 AFAF  
CASE: 26
1A8AFAF0

PC#: 448
SW ZERO G0 00DD 
CASE: 17
110800DD

PC#: 449
MOV G0 AFAF  
CASE: 26
1A8AFAF0

PC#: 450
SW ZERO G0 00DE 
CASE: 17
110800DE

PC#: 451
MOV G0 AFAF  
CASE: 26
1A8AFAF0

PC#: 452
SW ZERO G0 00DF 
CASE: 17
110800DF

PC#: 453
MOV G0 0003  
CASE: 26
1A800030

PC#: 454
SW ZERO G0 00E0 
CASE: 17
110800E0

PC#: 455
MOV G0 0021  
CASE: 26
1A800210

PC#: 456
SW ZERO G0 00E1 
CASE: 17
110800E1

PC#: 457
MOV G0 0022  
CASE: 26
1A800220

PC#: 458
SW ZERO G0 00E2 
CASE: 17
110800E2

PC#: 459
MOV G0 0010  
CASE: 26
1A800100

PC#: 460
SW ZERO G0 00E3 
CASE: 17
110800E3

PC#: 461
MOV G0 AFAF  
CASE: 26
1A8AFAF0

PC#: 462
SW ZERO G0 00E4 
CASE: 17
110800E4

PC#: 463
MOV G0 0002  
CASE: 26
1A800020

PC#: 464
SW ZERO G0 00E5 
CASE: 17
110800E5

PC#: 465
MOV G0 0020  
CASE: 26
1A800200

PC#: 466
SW ZERO G0 00E6 
CASE: 17
110800E6

PC#: 467
MOV G0 0011  
CASE: 26
1A800110

PC#: 468
SW ZERO G0 00E7 
CASE: 17
110800E7

PC#: 469
MOV G0 AFAF  
CASE: 26
1A8AFAF0

PC#: 470
SW ZERO G0 00E8 
CASE: 17
110800E8

PC#: 471
MOV G0 AFAF  
CASE: 26
1A8AFAF0

PC#: 472
SW ZERO G0 00E9 
CASE: 17
110800E9

PC#: 473
MOV G0 0003  
CASE: 26
1A800030

PC#: 474
SW ZERO G0 00EA 
CASE: 17
110800EA

PC#: 475
MOV G0 0011  
CASE: 26
1A800110

PC#: 476
SW ZERO G0 00EB 
CASE: 17
110800EB

PC#: 477
MOV G0 0012  
CASE: 26
1A800120

PC#: 478
SW ZERO G0 00EC 
CASE: 17
110800EC

PC#: 479
MOV G0 0000  
CASE: 26
1A800000

PC#: 480
SW ZERO G0 00ED 
CASE: 17
110800ED

PC#: 481
MOV G0 AFAF  
CASE: 26
1A8AFAF0

PC#: 482
SW ZERO G0 00EE 
CASE: 17
110800EE

PC#: 483
MOV G0 0002  
CASE: 26
1A800020

PC#: 484
SW ZERO G0 00EF 
CASE: 17
110800EF

PC#: 485
MOV G0 0020  
CASE: 26
1A800200

PC#: 486
SW ZERO G0 00F0 
CASE: 17
110800F0

PC#: 487
MOV G0 0011  
CASE: 26
1A800110

PC#: 488
SW ZERO G0 00F1 
CASE: 17
110800F1

PC#: 489
MOV G0 AFAF  
CASE: 26
1A8AFAF0

PC#: 490
SW ZERO G0 00F2 
CASE: 17
110800F2

PC#: 491
MOV G0 AFAF  
CASE: 26
1A8AFAF0

PC#: 492
SW ZERO G0 00F3 
CASE: 17
110800F3

PC#: 493
MOV G0 FFFF  
CASE: 26
1A8FFFF0

PC#: 494
SW ZERO G0 00F4 
CASE: 17
110800F4

PC#: 495
MOV G0 AFAF  
CASE: 26
1A8AFAF0

PC#: 496
SW ZERO G0 00F5 
CASE: 17
110800F5

PC#: 497
MOV G0 AFAF  
CASE: 26
1A8AFAF0

PC#: 498
SW ZERO G0 00F6 
CASE: 17
110800F6

PC#: 499
MOV G0 AFAF  
CASE: 26
1A8AFAF0

PC#: 500
SW ZERO G0 00F7 
CASE: 17
110800F7

PC#: 501
MOV G0 AFAF  
CASE: 26
1A8AFAF0

PC#: 502
SW ZERO G0 00F8 
CASE: 17
110800F8

PC#: 503
MOV G0 AFAF  
CASE: 26
1A8AFAF0

PC#: 504
SW ZERO G0 00F9 
CASE: 17
110800F9

PC#: 505
MOV G0 AFAF  
CASE: 26
1A8AFAF0

PC#: 506
SW ZERO G0 00FA 
CASE: 17
110800FA

PC#: 507
MOV G0 AFAF  
CASE: 26
1A8AFAF0

PC#: 508
SW ZERO G0 00FB 
CASE: 17
110800FB

PC#: 509
MOV G0 AFAF  
CASE: 26
1A8AFAF0

PC#: 510
SW ZERO G0 00FC 
CASE: 17
110800FC

PC#: 511
MOV G0 AFAF  
CASE: 26
1A8AFAF0

PC#: 512
SW ZERO G0 00FD 
CASE: 17
110800FD

PC#: 513
MOV G0 AFAF  
CASE: 26
1A8AFAF0

PC#: 514
SW ZERO G0 00FE 
CASE: 17
110800FE

PC#: 515
MOV G0 AFAF  
CASE: 26
1A8AFAF0

PC#: 516
SW ZERO G0 00FF 
CASE: 17
110800FF

PC#: 517
MOV G0 0008  
CASE: 26
1A800080

PC#: 518
SW ZERO G0 0100 
CASE: 17
11080100

PC#: 519
MOV G0 0020  
CASE: 26
1A800200

PC#: 520
SW ZERO G0 0101 
CASE: 17
11080101

PC#: 521
MOV G0 0021  
CASE: 26
1A800210

PC#: 522
SW ZERO G0 0102 
CASE: 17
11080102

PC#: 523
MOV G0 0022  
CASE: 26
1A800220

PC#: 524
SW ZERO G0 0103 
CASE: 17
11080103

PC#: 525
MOV G0 0012  
CASE: 26
1A800120

PC#: 526
SW ZERO G0 0104 
CASE: 17
11080104

PC#: 527
MOV G0 0008  
CASE: 26
1A800080

PC#: 528
SW ZERO G0 0105 
CASE: 17
11080105

PC#: 529
MOV G0 0031  
CASE: 26
1A800310

PC#: 530
SW ZERO G0 0106 
CASE: 17
11080106

PC#: 531
MOV G0 0032  
CASE: 26
1A800320

PC#: 532
SW ZERO G0 0107 
CASE: 17
11080107

PC#: 533
MOV G0 0021  
CASE: 26
1A800210

PC#: 534
SW ZERO G0 0108 
CASE: 17
11080108

PC#: 535
MOV G0 0011  
CASE: 26
1A800110

PC#: 536
SW ZERO G0 0109 
CASE: 17
11080109

PC#: 537
MOV G0 0008  
CASE: 26
1A800080

PC#: 538
SW ZERO G0 010A 
CASE: 17
1108010A

PC#: 539
MOV G0 0030  
CASE: 26
1A800300

PC#: 540
SW ZERO G0 010B 
CASE: 17
1108010B

PC#: 541
MOV G0 0020  
CASE: 26
1A800200

PC#: 542
SW ZERO G0 010C 
CASE: 17
1108010C

PC#: 543
MOV G0 0021  
CASE: 26
1A800210

PC#: 544
SW ZERO G0 010D 
CASE: 17
1108010D

PC#: 545
MOV G0 0022  
CASE: 26
1A800220

PC#: 546
SW ZERO G0 010E 
CASE: 17
1108010E

PC#: 547
MOV G0 0008  
CASE: 26
1A800080

PC#: 548
SW ZERO G0 010F 
CASE: 17
1108010F

PC#: 549
MOV G0 0031  
CASE: 26
1A800310

PC#: 550
SW ZERO G0 0110 
CASE: 17
11080110

PC#: 551
MOV G0 0021  
CASE: 26
1A800210

PC#: 552
SW ZERO G0 0111 
CASE: 17
11080111

PC#: 553
MOV G0 0010  
CASE: 26
1A800100

PC#: 554
SW ZERO G0 0112 
CASE: 17
11080112

PC#: 555
MOV G0 0011  
CASE: 26
1A800110

PC#: 556
SW ZERO G0 0113 
CASE: 17
11080113

PC#: 557
MOV G0 FFFF  
CASE: 26
1A8FFFF0

PC#: 558
SW ZERO G0 0114 
CASE: 17
11080114

PC#: 559
MOV G0 AFAF  
CASE: 26
1A8AFAF0

PC#: 560
SW ZERO G0 0115 
CASE: 17
11080115

PC#: 561
MOV G0 AFAF  
CASE: 26
1A8AFAF0

PC#: 562
SW ZERO G0 0116 
CASE: 17
11080116

PC#: 563
MOV G0 AFAF  
CASE: 26
1A8AFAF0

PC#: 564
SW ZERO G0 0117 
CASE: 17
11080117

PC#: 565
MOV G0 AFAF  
CASE: 26
1A8AFAF0

PC#: 566
SW ZERO G0 0118 
CASE: 17
11080118

PC#: 567
MOV G0 AFAF  
CASE: 26
1A8AFAF0

PC#: 568
SW ZERO G0 0119 
CASE: 17
11080119

PC#: 569
MOV G0 AFAF  
CASE: 26
1A8AFAF0

PC#: 570
SW ZERO G0 011A 
CASE: 17
1108011A

PC#: 571
MOV G0 AFAF  
CASE: 26
1A8AFAF0

PC#: 572
SW ZERO G0 011B 
CASE: 17
1108011B

PC#: 573
MOV G0 AFAF  
CASE: 26
1A8AFAF0

PC#: 574
SW ZERO G0 011C 
CASE: 17
1108011C

PC#: 575
MOV G0 AFAF  
CASE: 26
1A8AFAF0

PC#: 576
SW ZERO G0 011D 
CASE: 17
1108011D

PC#: 577
MOV G0 AFAF  
CASE: 26
1A8AFAF0

PC#: 578
SW ZERO G0 011E 
CASE: 17
1108011E

PC#: 579
MOV G0 AFAF  
CASE: 26
1A8AFAF0

PC#: 580
SW ZERO G0 011F 
CASE: 17
1108011F

PC#: 581
MOV G0 0003  
CASE: 26
1A800030

PC#: 582
SW ZERO G0 0120 
CASE: 17
11080120

PC#: 583
MOV G0 0020  
CASE: 26
1A800200

PC#: 584
SW ZERO G0 0121 
CASE: 17
11080121

PC#: 585
MOV G0 0021  
CASE: 26
1A800210

PC#: 586
SW ZERO G0 0122 
CASE: 17
11080122

PC#: 587
MOV G0 0022  
CASE: 26
1A800220

PC#: 588
SW ZERO G0 0123 
CASE: 17
11080123

PC#: 589
MOV G0 AFAF  
CASE: 26
1A8AFAF0

PC#: 590
SW ZERO G0 0124 
CASE: 17
11080124

PC#: 591
MOV G0 0002  
CASE: 26
1A800020

PC#: 592
SW ZERO G0 0125 
CASE: 17
11080125

PC#: 593
MOV G0 0031  
CASE: 26
1A800310

PC#: 594
SW ZERO G0 0126 
CASE: 17
11080126

PC#: 595
MOV G0 0032  
CASE: 26
1A800320

PC#: 596
SW ZERO G0 0127 
CASE: 17
11080127

PC#: 597
MOV G0 AFAF  
CASE: 26
1A8AFAF0

PC#: 598
SW ZERO G0 0128 
CASE: 17
11080128

PC#: 599
MOV G0 AFAF  
CASE: 26
1A8AFAF0

PC#: 600
SW ZERO G0 0129 
CASE: 17
11080129

PC#: 601
MOV G0 0003  
CASE: 26
1A800030

PC#: 602
SW ZERO G0 012A 
CASE: 17
1108012A

PC#: 603
MOV G0 0030  
CASE: 26
1A800300

PC#: 604
SW ZERO G0 012B 
CASE: 17
1108012B

PC#: 605
MOV G0 0021  
CASE: 26
1A800210

PC#: 606
SW ZERO G0 012C 
CASE: 17
1108012C

PC#: 607
MOV G0 0022  
CASE: 26
1A800220

PC#: 608
SW ZERO G0 012D 
CASE: 17
1108012D

PC#: 609
MOV G0 AFAF  
CASE: 26
1A8AFAF0

PC#: 610
SW ZERO G0 012E 
CASE: 17
1108012E

PC#: 611
MOV G0 0002  
CASE: 26
1A800020

PC#: 612
SW ZERO G0 012F 
CASE: 17
1108012F

PC#: 613
MOV G0 0031  
CASE: 26
1A800310

PC#: 614
SW ZERO G0 0130 
CASE: 17
11080130

PC#: 615
MOV G0 0010  
CASE: 26
1A800100

PC#: 616
SW ZERO G0 0131 
CASE: 17
11080131

PC#: 617
MOV G0 AFAF  
CASE: 26
1A8AFAF0

PC#: 618
SW ZERO G0 0132 
CASE: 17
11080132

PC#: 619
MOV G0 AFAF  
CASE: 26
1A8AFAF0

PC#: 620
SW ZERO G0 0133 
CASE: 17
11080133

PC#: 621
MOV G0 FFFF  
CASE: 26
1A8FFFF0

PC#: 622
SW ZERO G0 0134 
CASE: 17
11080134

PC#: 623
MOV G0 AFAF  
CASE: 26
1A8AFAF0

PC#: 624
SW ZERO G0 0135 
CASE: 17
11080135

PC#: 625
MOV G0 AFAF  
CASE: 26
1A8AFAF0

PC#: 626
SW ZERO G0 0136 
CASE: 17
11080136

PC#: 627
MOV G0 AFAF  
CASE: 26
1A8AFAF0

PC#: 628
SW ZERO G0 0137 
CASE: 17
11080137

PC#: 629
MOV G0 AFAF  
CASE: 26
1A8AFAF0

PC#: 630
SW ZERO G0 0138 
CASE: 17
11080138

PC#: 631
MOV G0 AFAF  
CASE: 26
1A8AFAF0

PC#: 632
SW ZERO G0 0139 
CASE: 17
11080139

PC#: 633
MOV G0 AFAF  
CASE: 26
1A8AFAF0

PC#: 634
SW ZERO G0 013A 
CASE: 17
1108013A

PC#: 635
MOV G0 AFAF  
CASE: 26
1A8AFAF0

PC#: 636
SW ZERO G0 013B 
CASE: 17
1108013B

PC#: 637
MOV G0 AFAF  
CASE: 26
1A8AFAF0

PC#: 638
SW ZERO G0 013C 
CASE: 17
1108013C

PC#: 639
MOV G0 AFAF  
CASE: 26
1A8AFAF0

PC#: 640
SW ZERO G0 013D 
CASE: 17
1108013D

PC#: 641
MOV G0 AFAF  
CASE: 26
1A8AFAF0

PC#: 642
SW ZERO G0 013E 
CASE: 17
1108013E

PC#: 643
MOV G0 AFAF  
CASE: 26
1A8AFAF0

PC#: 644
SW ZERO G0 013F 
CASE: 17
1108013F

PC#: 645
MOV G0 0004  
CASE: 26
1A800040

PC#: 646
SW ZERO G0 0140 
CASE: 17
11080140

PC#: 647
MOV G0 0020  
CASE: 26
1A800200

PC#: 648
SW ZERO G0 0141 
CASE: 17
11080141

PC#: 649
MOV G0 0021  
CASE: 26
1A800210

PC#: 650
SW ZERO G0 0142 
CASE: 17
11080142

PC#: 651
MOV G0 0022  
CASE: 26
1A800220

PC#: 652
SW ZERO G0 0143 
CASE: 17
11080143

PC#: 653
MOV G0 0010  
CASE: 26
1A800100

PC#: 654
SW ZERO G0 0144 
CASE: 17
11080144

PC#: 655
MOV G0 0004  
CASE: 26
1A800040

PC#: 656
SW ZERO G0 0145 
CASE: 17
11080145

PC#: 657
MOV G0 0031  
CASE: 26
1A800310

PC#: 658
SW ZERO G0 0146 
CASE: 17
11080146

PC#: 659
MOV G0 0021  
CASE: 26
1A800210

PC#: 660
SW ZERO G0 0147 
CASE: 17
11080147

PC#: 661
MOV G0 0011  
CASE: 26
1A800110

PC#: 662
SW ZERO G0 0148 
CASE: 17
11080148

PC#: 663
MOV G0 0012  
CASE: 26
1A800120

PC#: 664
SW ZERO G0 0149 
CASE: 17
11080149

PC#: 665
MOV G0 0004  
CASE: 26
1A800040

PC#: 666
SW ZERO G0 014A 
CASE: 17
1108014A

PC#: 667
MOV G0 0032  
CASE: 26
1A800320

PC#: 668
SW ZERO G0 014B 
CASE: 17
1108014B

PC#: 669
MOV G0 0020  
CASE: 26
1A800200

PC#: 670
SW ZERO G0 014C 
CASE: 17
1108014C

PC#: 671
MOV G0 0021  
CASE: 26
1A800210

PC#: 672
SW ZERO G0 014D 
CASE: 17
1108014D

PC#: 673
MOV G0 0022  
CASE: 26
1A800220

PC#: 674
SW ZERO G0 014E 
CASE: 17
1108014E

PC#: 675
MOV G0 0004  
CASE: 26
1A800040

PC#: 676
SW ZERO G0 014F 
CASE: 17
1108014F

PC#: 677
MOV G0 0030  
CASE: 26
1A800300

PC#: 678
SW ZERO G0 0150 
CASE: 17
11080150

PC#: 679
MOV G0 0031  
CASE: 26
1A800310

PC#: 680
SW ZERO G0 0151 
CASE: 17
11080151

PC#: 681
MOV G0 0021  
CASE: 26
1A800210

PC#: 682
SW ZERO G0 0152 
CASE: 17
11080152

PC#: 683
MOV G0 0011  
CASE: 26
1A800110

PC#: 684
SW ZERO G0 0153 
CASE: 17
11080153

PC#: 685
MOV G0 FFFF  
CASE: 26
1A8FFFF0

PC#: 686
SW ZERO G0 0154 
CASE: 17
11080154

PC#: 687
MOV G0 AFAF  
CASE: 26
1A8AFAF0

PC#: 688
SW ZERO G0 0155 
CASE: 17
11080155

PC#: 689
MOV G0 AFAF  
CASE: 26
1A8AFAF0

PC#: 690
SW ZERO G0 0156 
CASE: 17
11080156

PC#: 691
MOV G0 AFAF  
CASE: 26
1A8AFAF0

PC#: 692
SW ZERO G0 0157 
CASE: 17
11080157

PC#: 693
MOV G0 AFAF  
CASE: 26
1A8AFAF0

PC#: 694
SW ZERO G0 0158 
CASE: 17
11080158

PC#: 695
MOV G0 AFAF  
CASE: 26
1A8AFAF0

PC#: 696
SW ZERO G0 0159 
CASE: 17
11080159

PC#: 697
MOV G0 AFAF  
CASE: 26
1A8AFAF0

PC#: 698
SW ZERO G0 015A 
CASE: 17
1108015A

PC#: 699
MOV G0 AFAF  
CASE: 26
1A8AFAF0

PC#: 700
SW ZERO G0 015B 
CASE: 17
1108015B

PC#: 701
MOV G0 AFAF  
CASE: 26
1A8AFAF0

PC#: 702
SW ZERO G0 015C 
CASE: 17
1108015C

PC#: 703
MOV G0 AFAF  
CASE: 26
1A8AFAF0

PC#: 704
SW ZERO G0 015D 
CASE: 17
1108015D

PC#: 705
MOV G0 AFAF  
CASE: 26
1A8AFAF0

PC#: 706
SW ZERO G0 015E 
CASE: 17
1108015E

PC#: 707
MOV G0 AFAF  
CASE: 26
1A8AFAF0

PC#: 708
SW ZERO G0 015F 
CASE: 17
1108015F

PC#: 709
MOV G0 0003  
CASE: 26
1A800030

PC#: 710
SW ZERO G0 0160 
CASE: 17
11080160

PC#: 711
MOV G0 0020  
CASE: 26
1A800200

PC#: 712
SW ZERO G0 0161 
CASE: 17
11080161

PC#: 713
MOV G0 0021  
CASE: 26
1A800210

PC#: 714
SW ZERO G0 0162 
CASE: 17
11080162

PC#: 715
MOV G0 0022  
CASE: 26
1A800220

PC#: 716
SW ZERO G0 0163 
CASE: 17
11080163

PC#: 717
MOV G0 AFAF  
CASE: 26
1A8AFAF0

PC#: 718
SW ZERO G0 0164 
CASE: 17
11080164

PC#: 719
MOV G0 0002  
CASE: 26
1A800020

PC#: 720
SW ZERO G0 0165 
CASE: 17
11080165

PC#: 721
MOV G0 0031  
CASE: 26
1A800310

PC#: 722
SW ZERO G0 0166 
CASE: 17
11080166

PC#: 723
MOV G0 0012  
CASE: 26
1A800120

PC#: 724
SW ZERO G0 0167 
CASE: 17
11080167

PC#: 725
MOV G0 AFAF  
CASE: 26
1A8AFAF0

PC#: 726
SW ZERO G0 0168 
CASE: 17
11080168

PC#: 727
MOV G0 AFAF  
CASE: 26
1A8AFAF0

PC#: 728
SW ZERO G0 0169 
CASE: 17
11080169

PC#: 729
MOV G0 0003  
CASE: 26
1A800030

PC#: 730
SW ZERO G0 016A 
CASE: 17
1108016A

PC#: 731
MOV G0 0032  
CASE: 26
1A800320

PC#: 732
SW ZERO G0 016B 
CASE: 17
1108016B

PC#: 733
MOV G0 0020  
CASE: 26
1A800200

PC#: 734
SW ZERO G0 016C 
CASE: 17
1108016C

PC#: 735
MOV G0 0021  
CASE: 26
1A800210

PC#: 736
SW ZERO G0 016D 
CASE: 17
1108016D

PC#: 737
MOV G0 AFAF  
CASE: 26
1A8AFAF0

PC#: 738
SW ZERO G0 016E 
CASE: 17
1108016E

PC#: 739
MOV G0 0002  
CASE: 26
1A800020

PC#: 740
SW ZERO G0 016F 
CASE: 17
1108016F

PC#: 741
MOV G0 0030  
CASE: 26
1A800300

PC#: 742
SW ZERO G0 0170 
CASE: 17
11080170

PC#: 743
MOV G0 0031  
CASE: 26
1A800310

PC#: 744
SW ZERO G0 0171 
CASE: 17
11080171

PC#: 745
MOV G0 AFAF  
CASE: 26
1A8AFAF0

PC#: 746
SW ZERO G0 0172 
CASE: 17
11080172

PC#: 747
MOV G0 AFAF  
CASE: 26
1A8AFAF0

PC#: 748
SW ZERO G0 0173 
CASE: 17
11080173

PC#: 749
MOV G0 FFFF  
CASE: 26
1A8FFFF0

PC#: 750
SW ZERO G0 0174 
CASE: 17
11080174

PC#: 751
MOV G0 AFAF  
CASE: 26
1A8AFAF0

PC#: 752
SW ZERO G0 0175 
CASE: 17
11080175

PC#: 753
MOV G0 AFAF  
CASE: 26
1A8AFAF0

PC#: 754
SW ZERO G0 0176 
CASE: 17
11080176

PC#: 755
MOV G0 AFAF  
CASE: 26
1A8AFAF0

PC#: 756
SW ZERO G0 0177 
CASE: 17
11080177

PC#: 757
MOV G0 AFAF  
CASE: 26
1A8AFAF0

PC#: 758
SW ZERO G0 0178 
CASE: 17
11080178

PC#: 759
MOV G0 AFAF  
CASE: 26
1A8AFAF0

PC#: 760
SW ZERO G0 0179 
CASE: 17
11080179

PC#: 761
MOV G0 AFAF  
CASE: 26
1A8AFAF0

PC#: 762
SW ZERO G0 017A 
CASE: 17
1108017A

PC#: 763
MOV G0 AFAF  
CASE: 26
1A8AFAF0

PC#: 764
SW ZERO G0 017B 
CASE: 17
1108017B

PC#: 765
MOV G0 AFAF  
CASE: 26
1A8AFAF0

PC#: 766
SW ZERO G0 017C 
CASE: 17
1108017C

PC#: 767
MOV G0 AFAF  
CASE: 26
1A8AFAF0

PC#: 768
SW ZERO G0 017D 
CASE: 17
1108017D

PC#: 769
MOV G0 AFAF  
CASE: 26
1A8AFAF0

PC#: 770
SW ZERO G0 017E 
CASE: 17
1108017E

PC#: 771
MOV G0 AFAF  
CASE: 26
1A8AFAF0

PC#: 772
SW ZERO G0 017F 
CASE: 17
1108017F

PC#: 773
MOV G0 0007  
CASE: 26
1A800070

PC#: 774
SW ZERO G0 0180 
CASE: 17
11080180

PC#: 775
MOV G0 0020  
CASE: 26
1A800200

PC#: 776
SW ZERO G0 0181 
CASE: 17
11080181

PC#: 777
MOV G0 0021  
CASE: 26
1A800210

PC#: 778
SW ZERO G0 0182 
CASE: 17
11080182

PC#: 779
MOV G0 0022  
CASE: 26
1A800220

PC#: 780
SW ZERO G0 0183 
CASE: 17
11080183

PC#: 781
MOV G0 0011  
CASE: 26
1A800110

PC#: 782
SW ZERO G0 0184 
CASE: 17
11080184

PC#: 783
MOV G0 0007  
CASE: 26
1A800070

PC#: 784
SW ZERO G0 0185 
CASE: 17
11080185

PC#: 785
MOV G0 0031  
CASE: 26
1A800310

PC#: 786
SW ZERO G0 0186 
CASE: 17
11080186

PC#: 787
MOV G0 0021  
CASE: 26
1A800210

PC#: 788
SW ZERO G0 0187 
CASE: 17
11080187

PC#: 789
MOV G0 0022  
CASE: 26
1A800220

PC#: 790
SW ZERO G0 0188 
CASE: 17
11080188

PC#: 791
MOV G0 0011  
CASE: 26
1A800110

PC#: 792
SW ZERO G0 0189 
CASE: 17
11080189

PC#: 793
MOV G0 0007  
CASE: 26
1A800070

PC#: 794
SW ZERO G0 018A 
CASE: 17
1108018A

PC#: 795
MOV G0 0031  
CASE: 26
1A800310

PC#: 796
SW ZERO G0 018B 
CASE: 17
1108018B

PC#: 797
MOV G0 0020  
CASE: 26
1A800200

PC#: 798
SW ZERO G0 018C 
CASE: 17
1108018C

PC#: 799
MOV G0 0021  
CASE: 26
1A800210

PC#: 800
SW ZERO G0 018D 
CASE: 17
1108018D

PC#: 801
MOV G0 0022  
CASE: 26
1A800220

PC#: 802
SW ZERO G0 018E 
CASE: 17
1108018E

PC#: 803
MOV G0 0007  
CASE: 26
1A800070

PC#: 804
SW ZERO G0 018F 
CASE: 17
1108018F

PC#: 805
MOV G0 0031  
CASE: 26
1A800310

PC#: 806
SW ZERO G0 0190 
CASE: 17
11080190

PC#: 807
MOV G0 0020  
CASE: 26
1A800200

PC#: 808
SW ZERO G0 0191 
CASE: 17
11080191

PC#: 809
MOV G0 0021  
CASE: 26
1A800210

PC#: 810
SW ZERO G0 0192 
CASE: 17
11080192

PC#: 811
MOV G0 0011  
CASE: 26
1A800110

PC#: 812
SW ZERO G0 0193 
CASE: 17
11080193

PC#: 813
MOV G0 FFFF  
CASE: 26
1A8FFFF0

PC#: 814
SW ZERO G0 0194 
CASE: 17
11080194

PC#: 815
MOV G0 AFAF  
CASE: 26
1A8AFAF0

PC#: 816
SW ZERO G0 0195 
CASE: 17
11080195

PC#: 817
MOV G0 AFAF  
CASE: 26
1A8AFAF0

PC#: 818
SW ZERO G0 0196 
CASE: 17
11080196

PC#: 819
MOV G0 AFAF  
CASE: 26
1A8AFAF0

PC#: 820
SW ZERO G0 0197 
CASE: 17
11080197

PC#: 821
MOV G0 AFAF  
CASE: 26
1A8AFAF0

PC#: 822
SW ZERO G0 0198 
CASE: 17
11080198

PC#: 823
MOV G0 AFAF  
CASE: 26
1A8AFAF0

PC#: 824
SW ZERO G0 0199 
CASE: 17
11080199

PC#: 825
MOV G0 AFAF  
CASE: 26
1A8AFAF0

PC#: 826
SW ZERO G0 019A 
CASE: 17
1108019A

PC#: 827
MOV G0 AFAF  
CASE: 26
1A8AFAF0

PC#: 828
SW ZERO G0 019B 
CASE: 17
1108019B

PC#: 829
MOV G0 AFAF  
CASE: 26
1A8AFAF0

PC#: 830
SW ZERO G0 019C 
CASE: 17
1108019C

PC#: 831
MOV G0 AFAF  
CASE: 26
1A8AFAF0

PC#: 832
SW ZERO G0 019D 
CASE: 17
1108019D

PC#: 833
MOV G0 AFAF  
CASE: 26
1A8AFAF0

PC#: 834
SW ZERO G0 019E 
CASE: 17
1108019E

PC#: 835
MOV G0 AFAF  
CASE: 26
1A8AFAF0

PC#: 836
SW ZERO G0 019F 
CASE: 17
1108019F

PC#: 837
MOV G0 0003  
CASE: 26
1A800030

PC#: 838
SW ZERO G0 01A0 
CASE: 17
110801A0

PC#: 839
MOV G0 0020  
CASE: 26
1A800200

PC#: 840
SW ZERO G0 01A1 
CASE: 17
110801A1

PC#: 841
MOV G0 0021  
CASE: 26
1A800210

PC#: 842
SW ZERO G0 01A2 
CASE: 17
110801A2

PC#: 843
MOV G0 0022  
CASE: 26
1A800220

PC#: 844
SW ZERO G0 01A3 
CASE: 17
110801A3

PC#: 845
MOV G0 AFAF  
CASE: 26
1A8AFAF0

PC#: 846
SW ZERO G0 01A4 
CASE: 17
110801A4

PC#: 847
MOV G0 0002  
CASE: 26
1A800020

PC#: 848
SW ZERO G0 01A5 
CASE: 17
110801A5

PC#: 849
MOV G0 0031  
CASE: 26
1A800310

PC#: 850
SW ZERO G0 01A6 
CASE: 17
110801A6

PC#: 851
MOV G0 0022  
CASE: 26
1A800220

PC#: 852
SW ZERO G0 01A7 
CASE: 17
110801A7

PC#: 853
MOV G0 AFAF  
CASE: 26
1A8AFAF0

PC#: 854
SW ZERO G0 01A8 
CASE: 17
110801A8

PC#: 855
MOV G0 AFAF  
CASE: 26
1A8AFAF0

PC#: 856
SW ZERO G0 01A9 
CASE: 17
110801A9

PC#: 857
MOV G0 0003  
CASE: 26
1A800030

PC#: 858
SW ZERO G0 01AA 
CASE: 17
110801AA

PC#: 859
MOV G0 0031  
CASE: 26
1A800310

PC#: 860
SW ZERO G0 01AB 
CASE: 17
110801AB

PC#: 861
MOV G0 0020  
CASE: 26
1A800200

PC#: 862
SW ZERO G0 01AC 
CASE: 17
110801AC

PC#: 863
MOV G0 0022  
CASE: 26
1A800220

PC#: 864
SW ZERO G0 01AD 
CASE: 17
110801AD

PC#: 865
MOV G0 AFAF  
CASE: 26
1A8AFAF0

PC#: 866
SW ZERO G0 01AE 
CASE: 17
110801AE

PC#: 867
MOV G0 0002  
CASE: 26
1A800020

PC#: 868
SW ZERO G0 01AF 
CASE: 17
110801AF

PC#: 869
MOV G0 0031  
CASE: 26
1A800310

PC#: 870
SW ZERO G0 01B0 
CASE: 17
110801B0

PC#: 871
MOV G0 0020  
CASE: 26
1A800200

PC#: 872
SW ZERO G0 01B1 
CASE: 17
110801B1

PC#: 873
MOV G0 AFAF  
CASE: 26
1A8AFAF0

PC#: 874
SW ZERO G0 01B2 
CASE: 17
110801B2

PC#: 875
MOV G0 AFAF  
CASE: 26
1A8AFAF0

PC#: 876
SW ZERO G0 01B3 
CASE: 17
110801B3

PC#: 877
MOV G0 AFAF  
CASE: 26
1A8AFAF0

PC#: 878
SW ZERO G0 01B4 
CASE: 17
110801B4

PC#: 879
MOV G0 AFAF  
CASE: 26
1A8AFAF0

PC#: 880
SW ZERO G0 01B5 
CASE: 17
110801B5

PC#: 881
MOV G0 AFAF  
CASE: 26
1A8AFAF0

PC#: 882
SW ZERO G0 01B6 
CASE: 17
110801B6

PC#: 883
MOV G0 AFAF  
CASE: 26
1A8AFAF0

PC#: 884
SW ZERO G0 01B7 
CASE: 17
110801B7

PC#: 885
MOV G0 AFAF  
CASE: 26
1A8AFAF0

PC#: 886
SW ZERO G0 01B8 
CASE: 17
110801B8

PC#: 887
MOV G0 AFAF  
CASE: 26
1A8AFAF0

PC#: 888
SW ZERO G0 01B9 
CASE: 17
110801B9

PC#: 889
MOV G0 AFAF  
CASE: 26
1A8AFAF0

PC#: 890
SW ZERO G0 01BA 
CASE: 17
110801BA

PC#: 891
MOV G0 AFAF  
CASE: 26
1A8AFAF0

PC#: 892
SW ZERO G0 01BB 
CASE: 17
110801BB

PC#: 893
MOV G0 AFAF  
CASE: 26
1A8AFAF0

PC#: 894
SW ZERO G0 01BC 
CASE: 17
110801BC

PC#: 895
MOV G0 AFAF  
CASE: 26
1A8AFAF0

PC#: 896
SW ZERO G0 01BD 
CASE: 17
110801BD

PC#: 897
MOV G0 AFAF  
CASE: 26
1A8AFAF0

PC#: 898
SW ZERO G0 01BE 
CASE: 17
110801BE

PC#: 899
MOV G0 AFAF  
CASE: 26
1A8AFAF0

PC#: 900
SW ZERO G0 01BF 
CASE: 17
110801BF

PC#: 901
JR LR   
CASE: 23
17500000

PC#: 902
MOV G0 0006  
CASE: 26
1A800060

PC#: 903
SW ZERO G0 0200 
CASE: 17
11080200

PC#: 904
MOV G0 FFFF  
CASE: 26
1A8FFFF0

PC#: 905
SW ZERO G0 0201 
CASE: 17
11080201

PC#: 906
MOV G0 0006  
CASE: 26
1A800060

PC#: 907
SW ZERO G0 0202 
CASE: 17
11080202

PC#: 908
MOV G0 0000  
CASE: 26
1A800000

PC#: 909
SW ZERO G0 0203 
CASE: 17
11080203

PC#: 910
MOV G0 0006  
CASE: 26
1A800060

PC#: 911
SW ZERO G0 0204 
CASE: 17
11080204

PC#: 912
MOV G0 0001  
CASE: 26
1A800010

PC#: 913
SW ZERO G0 0205 
CASE: 17
11080205

PC#: 914
MOV G0 FFFF  
CASE: 26
1A8FFFF0

PC#: 915
SW ZERO G0 0206 
CASE: 17
11080206

PC#: 916
MOV G0 FFFF  
CASE: 26
1A8FFFF0

PC#: 917
SW ZERO G0 0207 
CASE: 17
11080207

PC#: 918
MOV G0 FFFF  
CASE: 26
1A8FFFF0

PC#: 919
SW ZERO G0 0208 
CASE: 17
11080208

PC#: 920
MOV G0 FFFF  
CASE: 26
1A8FFFF0

PC#: 921
SW ZERO G0 0209 
CASE: 17
11080209

PC#: 922
MOV G0 FAFA  
CASE: 26
1A8FAFA0

PC#: 923
SW ZERO G0 020A 
CASE: 17
1108020A

PC#: 924
MOV G0 FFFF  
CASE: 26
1A8FFFF0

PC#: 925
SW ZERO G0 020B 
CASE: 17
1108020B

PC#: 926
MOV G0 FFFF  
CASE: 26
1A8FFFF0

PC#: 927
SW ZERO G0 020C 
CASE: 17
1108020C

PC#: 928
MOV G0 0040  
CASE: 26
1A800400

PC#: 929
SW ZERO G0 020D 
CASE: 17
1108020D

PC#: 930
MOV G0 0000  
CASE: 26
1A800000

PC#: 931
SW ZERO G0 020E 
CASE: 17
1108020E

PC#: 932
MOV G0 FAFA  
CASE: 26
1A8FAFA0

PC#: 933
SW ZERO G0 020F 
CASE: 17
1108020F

PC#: 934
MOV G0 0000  
CASE: 26
1A800000

PC#: 935
SW ZERO G0 0210 
CASE: 17
11080210

PC#: 936
LW G0 ZERO 020D 
CASE: 16
1080020D

PC#: 937
SW ZERO G0 0211 
CASE: 17
11080211

PC#: 938
MOV G0 FAFA  
CASE: 26
1A8FAFA0

PC#: 939
SW ZERO G0 0212 
CASE: 17
11080212

PC#: 940
MOV SP 0212  
CASE: 26
1A402120

PC#: 941
JR LR   
CASE: 23
17500000

PC#: 942
MOV G0 0002  
CASE: 26
1A800020

PC#: 943
SW ZERO G0 80F3 
CASE: 17
110880F3

PC#: 944
MOV G0 0002  
CASE: 26
1A800020

PC#: 945
SW ZERO G0 80F4 
CASE: 17
110880F4

PC#: 946
MOV G0 0002  
CASE: 26
1A800020

PC#: 947
SW ZERO G0 80F5 
CASE: 17
110880F5

PC#: 948
MOV G0 0002  
CASE: 26
1A800020

PC#: 949
SW ZERO G0 80F6 
CASE: 17
110880F6

PC#: 950
MOV G0 0002  
CASE: 26
1A800020

PC#: 951
SW ZERO G0 80F9 
CASE: 17
110880F9

PC#: 952
MOV G0 0002  
CASE: 26
1A800020

PC#: 953
SW ZERO G0 80FA 
CASE: 17
110880FA

PC#: 954
MOV G0 0002  
CASE: 26
1A800020

PC#: 955
SW ZERO G0 80FB 
CASE: 17
110880FB

PC#: 956
MOV G0 0002  
CASE: 26
1A800020

PC#: 957
SW ZERO G0 80FC 
CASE: 17
110880FC

PC#: 958
MOV G0 0002  
CASE: 26
1A800020

PC#: 959
SW ZERO G0 80E3 
CASE: 17
110880E3

PC#: 960
MOV G0 0002  
CASE: 26
1A800020

PC#: 961
SW ZERO G0 80E4 
CASE: 17
110880E4

PC#: 962
MOV G0 0002  
CASE: 26
1A800020

PC#: 963
SW ZERO G0 80E5 
CASE: 17
110880E5

PC#: 964
MOV G0 0002  
CASE: 26
1A800020

PC#: 965
SW ZERO G0 80E6 
CASE: 17
110880E6

PC#: 966
MOV G0 0002  
CASE: 26
1A800020

PC#: 967
SW ZERO G0 80E9 
CASE: 17
110880E9

PC#: 968
MOV G0 0002  
CASE: 26
1A800020

PC#: 969
SW ZERO G0 80EA 
CASE: 17
110880EA

PC#: 970
MOV G0 0002  
CASE: 26
1A800020

PC#: 971
SW ZERO G0 80EB 
CASE: 17
110880EB

PC#: 972
MOV G0 0002  
CASE: 26
1A800020

PC#: 973
SW ZERO G0 80EC 
CASE: 17
110880EC

PC#: 974
MOV G0 0002  
CASE: 26
1A800020

PC#: 975
SW ZERO G0 80D3 
CASE: 17
110880D3

PC#: 976
MOV G0 0002  
CASE: 26
1A800020

PC#: 977
SW ZERO G0 80D4 
CASE: 17
110880D4

PC#: 978
MOV G0 0002  
CASE: 26
1A800020

PC#: 979
SW ZERO G0 80D5 
CASE: 17
110880D5

PC#: 980
MOV G0 0002  
CASE: 26
1A800020

PC#: 981
SW ZERO G0 80D6 
CASE: 17
110880D6

PC#: 982
MOV G0 0002  
CASE: 26
1A800020

PC#: 983
SW ZERO G0 80D9 
CASE: 17
110880D9

PC#: 984
MOV G0 0002  
CASE: 26
1A800020

PC#: 985
SW ZERO G0 80DA 
CASE: 17
110880DA

PC#: 986
MOV G0 0002  
CASE: 26
1A800020

PC#: 987
SW ZERO G0 80DB 
CASE: 17
110880DB

PC#: 988
MOV G0 0002  
CASE: 26
1A800020

PC#: 989
SW ZERO G0 80DC 
CASE: 17
110880DC

PC#: 990
MOV G0 FFFF  
CASE: 26
1A8FFFF0

PC#: 991
SW ZERO G0 10F3 
CASE: 17
110810F3

PC#: 992
MOV G0 FFFF  
CASE: 26
1A8FFFF0

PC#: 993
SW ZERO G0 10F4 
CASE: 17
110810F4

PC#: 994
MOV G0 FFFF  
CASE: 26
1A8FFFF0

PC#: 995
SW ZERO G0 10F5 
CASE: 17
110810F5

PC#: 996
MOV G0 FFFF  
CASE: 26
1A8FFFF0

PC#: 997
SW ZERO G0 10F6 
CASE: 17
110810F6

PC#: 998
MOV G0 FFFF  
CASE: 26
1A8FFFF0

PC#: 999
SW ZERO G0 10F9 
CASE: 17
110810F9

PC#: 1000
MOV G0 FFFF  
CASE: 26
1A8FFFF0

PC#: 1001
SW ZERO G0 10FA 
CASE: 17
110810FA

PC#: 1002
MOV G0 FFFF  
CASE: 26
1A8FFFF0

PC#: 1003
SW ZERO G0 10FB 
CASE: 17
110810FB

PC#: 1004
MOV G0 FFFF  
CASE: 26
1A8FFFF0

PC#: 1005
SW ZERO G0 10FC 
CASE: 17
110810FC

PC#: 1006
MOV G0 FFFF  
CASE: 26
1A8FFFF0

PC#: 1007
SW ZERO G0 10E3 
CASE: 17
110810E3

PC#: 1008
MOV G0 FFFF  
CASE: 26
1A8FFFF0

PC#: 1009
SW ZERO G0 10E4 
CASE: 17
110810E4

PC#: 1010
MOV G0 FFFF  
CASE: 26
1A8FFFF0

PC#: 1011
SW ZERO G0 10E5 
CASE: 17
110810E5

PC#: 1012
MOV G0 FFFF  
CASE: 26
1A8FFFF0

PC#: 1013
SW ZERO G0 10E6 
CASE: 17
110810E6

PC#: 1014
MOV G0 FFFF  
CASE: 26
1A8FFFF0

PC#: 1015
SW ZERO G0 10E9 
CASE: 17
110810E9

PC#: 1016
MOV G0 FFFF  
CASE: 26
1A8FFFF0

PC#: 1017
SW ZERO G0 10EA 
CASE: 17
110810EA

PC#: 1018
MOV G0 FFFF  
CASE: 26
1A8FFFF0

PC#: 1019
SW ZERO G0 10EB 
CASE: 17
110810EB

PC#: 1020
MOV G0 FFFF  
CASE: 26
1A8FFFF0

PC#: 1021
SW ZERO G0 10EC 
CASE: 17
110810EC

PC#: 1022
MOV G0 FFFF  
CASE: 26
1A8FFFF0

PC#: 1023
SW ZERO G0 10D3 
CASE: 17
110810D3

PC#: 1024
MOV G0 FFFF  
CASE: 26
1A8FFFF0

PC#: 1025
SW ZERO G0 10D4 
CASE: 17
110810D4

PC#: 1026
MOV G0 FFFF  
CASE: 26
1A8FFFF0

PC#: 1027
SW ZERO G0 10D5 
CASE: 17
110810D5

PC#: 1028
MOV G0 FFFF  
CASE: 26
1A8FFFF0

PC#: 1029
SW ZERO G0 10D6 
CASE: 17
110810D6

PC#: 1030
MOV G0 FFFF  
CASE: 26
1A8FFFF0

PC#: 1031
SW ZERO G0 10D9 
CASE: 17
110810D9

PC#: 1032
MOV G0 FFFF  
CASE: 26
1A8FFFF0

PC#: 1033
SW ZERO G0 10DA 
CASE: 17
110810DA

PC#: 1034
MOV G0 FFFF  
CASE: 26
1A8FFFF0

PC#: 1035
SW ZERO G0 10DB 
CASE: 17
110810DB

PC#: 1036
MOV G0 FFFF  
CASE: 26
1A8FFFF0

PC#: 1037
SW ZERO G0 10DC 
CASE: 17
110810DC

PC#: 1038
JR LR   
CASE: 23
17500000

PC#: 1039
MOV G0 0001  
CASE: 26
1A800010

PC#: 1040
MOV G1 0047  
CASE: 26
1A900470

PC#: 1041
MOV G2 FFFF  
CASE: 26
1AAFFFF0

PC#: 1042
SW ZERO G0 8003 
CASE: 17
11088003

PC#: 1043
SW ZERO G0 8004 
CASE: 17
11088004

PC#: 1044
SW ZERO G0 8005 
CASE: 17
11088005

PC#: 1045
SW ZERO G0 8006 
CASE: 17
11088006

PC#: 1046
SW ZERO G0 8007 
CASE: 17
11088007

PC#: 1047
SW ZERO G0 8008 
CASE: 17
11088008

PC#: 1048
SW ZERO G0 8009 
CASE: 17
11088009

PC#: 1049
SW ZERO G0 800A 
CASE: 17
1108800A

PC#: 1050
SW ZERO G0 800B 
CASE: 17
1108800B

PC#: 1051
SW ZERO G0 800C 
CASE: 17
1108800C

PC#: 1052
SW ZERO G0 8013 
CASE: 17
11088013

PC#: 1053
SW ZERO G0 8014 
CASE: 17
11088014

PC#: 1054
SW ZERO G0 8015 
CASE: 17
11088015

PC#: 1055
SW ZERO G0 8016 
CASE: 17
11088016

PC#: 1056
SW ZERO G0 8017 
CASE: 17
11088017

PC#: 1057
SW ZERO G0 8018 
CASE: 17
11088018

PC#: 1058
SW ZERO G0 8019 
CASE: 17
11088019

PC#: 1059
SW ZERO G0 801A 
CASE: 17
1108801A

PC#: 1060
SW ZERO G0 801B 
CASE: 17
1108801B

PC#: 1061
SW ZERO G0 801C 
CASE: 17
1108801C

PC#: 1062
SW ZERO G0 8023 
CASE: 17
11088023

PC#: 1063
SW ZERO G0 8024 
CASE: 17
11088024

PC#: 1064
SW ZERO G0 8025 
CASE: 17
11088025

PC#: 1065
SW ZERO G0 8026 
CASE: 17
11088026

PC#: 1066
SW ZERO G0 8027 
CASE: 17
11088027

PC#: 1067
SW ZERO G0 8028 
CASE: 17
11088028

PC#: 1068
SW ZERO G0 8029 
CASE: 17
11088029

PC#: 1069
SW ZERO G0 802A 
CASE: 17
1108802A

PC#: 1070
SW ZERO G0 802B 
CASE: 17
1108802B

PC#: 1071
SW ZERO G0 802C 
CASE: 17
1108802C

PC#: 1072
SW ZERO G0 8033 
CASE: 17
11088033

PC#: 1073
SW ZERO G0 8034 
CASE: 17
11088034

PC#: 1074
SW ZERO G0 8035 
CASE: 17
11088035

PC#: 1075
SW ZERO G0 8036 
CASE: 17
11088036

PC#: 1076
SW ZERO G0 8037 
CASE: 17
11088037

PC#: 1077
SW ZERO G0 8038 
CASE: 17
11088038

PC#: 1078
SW ZERO G0 8039 
CASE: 17
11088039

PC#: 1079
SW ZERO G0 803A 
CASE: 17
1108803A

PC#: 1080
SW ZERO G0 803B 
CASE: 17
1108803B

PC#: 1081
SW ZERO G0 803C 
CASE: 17
1108803C

PC#: 1082
SW ZERO G0 8043 
CASE: 17
11088043

PC#: 1083
SW ZERO G0 8044 
CASE: 17
11088044

PC#: 1084
SW ZERO G0 8045 
CASE: 17
11088045

PC#: 1085
SW ZERO G0 8046 
CASE: 17
11088046

PC#: 1086
SW ZERO G0 8047 
CASE: 17
11088047

PC#: 1087
SW ZERO G0 8048 
CASE: 17
11088048

PC#: 1088
SW ZERO G0 8049 
CASE: 17
11088049

PC#: 1089
SW ZERO G0 804A 
CASE: 17
1108804A

PC#: 1090
SW ZERO G0 804B 
CASE: 17
1108804B

PC#: 1091
SW ZERO G0 804C 
CASE: 17
1108804C

PC#: 1092
SW ZERO G0 8053 
CASE: 17
11088053

PC#: 1093
SW ZERO G0 8054 
CASE: 17
11088054

PC#: 1094
SW ZERO G0 8055 
CASE: 17
11088055

PC#: 1095
SW ZERO G0 8056 
CASE: 17
11088056

PC#: 1096
SW ZERO G0 8057 
CASE: 17
11088057

PC#: 1097
SW ZERO G0 8058 
CASE: 17
11088058

PC#: 1098
SW ZERO G0 8059 
CASE: 17
11088059

PC#: 1099
SW ZERO G0 805A 
CASE: 17
1108805A

PC#: 1100
SW ZERO G0 805B 
CASE: 17
1108805B

PC#: 1101
SW ZERO G0 805C 
CASE: 17
1108805C

PC#: 1102
SW ZERO G0 8063 
CASE: 17
11088063

PC#: 1103
SW ZERO G0 8064 
CASE: 17
11088064

PC#: 1104
SW ZERO G0 8065 
CASE: 17
11088065

PC#: 1105
SW ZERO G0 8066 
CASE: 17
11088066

PC#: 1106
SW ZERO G0 8067 
CASE: 17
11088067

PC#: 1107
SW ZERO G0 8068 
CASE: 17
11088068

PC#: 1108
SW ZERO G0 8069 
CASE: 17
11088069

PC#: 1109
SW ZERO G0 806A 
CASE: 17
1108806A

PC#: 1110
SW ZERO G0 806B 
CASE: 17
1108806B

PC#: 1111
SW ZERO G0 806C 
CASE: 17
1108806C

PC#: 1112
SW ZERO G0 8073 
CASE: 17
11088073

PC#: 1113
SW ZERO G0 8074 
CASE: 17
11088074

PC#: 1114
SW ZERO G0 8075 
CASE: 17
11088075

PC#: 1115
SW ZERO G0 8076 
CASE: 17
11088076

PC#: 1116
SW ZERO G0 8077 
CASE: 17
11088077

PC#: 1117
SW ZERO G0 8078 
CASE: 17
11088078

PC#: 1118
SW ZERO G0 8079 
CASE: 17
11088079

PC#: 1119
SW ZERO G0 807A 
CASE: 17
1108807A

PC#: 1120
SW ZERO G0 807B 
CASE: 17
1108807B

PC#: 1121
SW ZERO G0 807C 
CASE: 17
1108807C

PC#: 1122
SW ZERO G0 8083 
CASE: 17
11088083

PC#: 1123
SW ZERO G0 8084 
CASE: 17
11088084

PC#: 1124
SW ZERO G0 8085 
CASE: 17
11088085

PC#: 1125
SW ZERO G0 8086 
CASE: 17
11088086

PC#: 1126
SW ZERO G0 8087 
CASE: 17
11088087

PC#: 1127
SW ZERO G0 8088 
CASE: 17
11088088

PC#: 1128
SW ZERO G0 8089 
CASE: 17
11088089

PC#: 1129
SW ZERO G0 808A 
CASE: 17
1108808A

PC#: 1130
SW ZERO G0 808B 
CASE: 17
1108808B

PC#: 1131
SW ZERO G0 808C 
CASE: 17
1108808C

PC#: 1132
SW ZERO G0 8093 
CASE: 17
11088093

PC#: 1133
SW ZERO G0 8094 
CASE: 17
11088094

PC#: 1134
SW ZERO G0 8095 
CASE: 17
11088095

PC#: 1135
SW ZERO G0 8096 
CASE: 17
11088096

PC#: 1136
SW ZERO G0 8097 
CASE: 17
11088097

PC#: 1137
SW ZERO G0 8098 
CASE: 17
11088098

PC#: 1138
SW ZERO G0 8099 
CASE: 17
11088099

PC#: 1139
SW ZERO G0 809A 
CASE: 17
1108809A

PC#: 1140
SW ZERO G0 809B 
CASE: 17
1108809B

PC#: 1141
SW ZERO G0 809C 
CASE: 17
1108809C

PC#: 1142
SW ZERO G0 80A3 
CASE: 17
110880A3

PC#: 1143
SW ZERO G0 80A4 
CASE: 17
110880A4

PC#: 1144
SW ZERO G0 80A5 
CASE: 17
110880A5

PC#: 1145
SW ZERO G0 80A6 
CASE: 17
110880A6

PC#: 1146
SW ZERO G0 80A7 
CASE: 17
110880A7

PC#: 1147
SW ZERO G0 80A8 
CASE: 17
110880A8

PC#: 1148
SW ZERO G0 80A9 
CASE: 17
110880A9

PC#: 1149
SW ZERO G0 80AA 
CASE: 17
110880AA

PC#: 1150
SW ZERO G0 80AB 
CASE: 17
110880AB

PC#: 1151
SW ZERO G0 80AC 
CASE: 17
110880AC

PC#: 1152
SW ZERO G0 80B3 
CASE: 17
110880B3

PC#: 1153
SW ZERO G0 80B4 
CASE: 17
110880B4

PC#: 1154
SW ZERO G0 80B5 
CASE: 17
110880B5

PC#: 1155
SW ZERO G0 80B6 
CASE: 17
110880B6

PC#: 1156
SW ZERO G0 80B7 
CASE: 17
110880B7

PC#: 1157
SW ZERO G0 80B8 
CASE: 17
110880B8

PC#: 1158
SW ZERO G0 80B9 
CASE: 17
110880B9

PC#: 1159
SW ZERO G0 80BA 
CASE: 17
110880BA

PC#: 1160
SW ZERO G0 80BB 
CASE: 17
110880BB

PC#: 1161
SW ZERO G0 80BC 
CASE: 17
110880BC

PC#: 1162
SW ZERO G0 80C3 
CASE: 17
110880C3

PC#: 1163
SW ZERO G0 80C4 
CASE: 17
110880C4

PC#: 1164
SW ZERO G0 80C5 
CASE: 17
110880C5

PC#: 1165
SW ZERO G0 80C6 
CASE: 17
110880C6

PC#: 1166
SW ZERO G0 80C7 
CASE: 17
110880C7

PC#: 1167
SW ZERO G0 80C8 
CASE: 17
110880C8

PC#: 1168
SW ZERO G0 80C9 
CASE: 17
110880C9

PC#: 1169
SW ZERO G0 80CA 
CASE: 17
110880CA

PC#: 1170
SW ZERO G0 80CB 
CASE: 17
110880CB

PC#: 1171
SW ZERO G0 80CC 
CASE: 17
110880CC

PC#: 1172
SW ZERO G0 80D3 
CASE: 17
110880D3

PC#: 1173
SW ZERO G0 80D4 
CASE: 17
110880D4

PC#: 1174
SW ZERO G0 80D5 
CASE: 17
110880D5

PC#: 1175
SW ZERO G0 80D6 
CASE: 17
110880D6

PC#: 1176
SW ZERO G0 80D7 
CASE: 17
110880D7

PC#: 1177
SW ZERO G0 80D8 
CASE: 17
110880D8

PC#: 1178
SW ZERO G0 80D9 
CASE: 17
110880D9

PC#: 1179
SW ZERO G0 80DA 
CASE: 17
110880DA

PC#: 1180
SW ZERO G0 80DB 
CASE: 17
110880DB

PC#: 1181
SW ZERO G0 80DC 
CASE: 17
110880DC

PC#: 1182
SW ZERO G0 80E3 
CASE: 17
110880E3

PC#: 1183
SW ZERO G0 80E4 
CASE: 17
110880E4

PC#: 1184
SW ZERO G0 80E5 
CASE: 17
110880E5

PC#: 1185
SW ZERO G0 80E6 
CASE: 17
110880E6

PC#: 1186
SW ZERO G0 80E7 
CASE: 17
110880E7

PC#: 1187
SW ZERO G0 80E8 
CASE: 17
110880E8

PC#: 1188
SW ZERO G0 80E9 
CASE: 17
110880E9

PC#: 1189
SW ZERO G0 80EA 
CASE: 17
110880EA

PC#: 1190
SW ZERO G0 80EB 
CASE: 17
110880EB

PC#: 1191
SW ZERO G0 80EC 
CASE: 17
110880EC

PC#: 1192
SW ZERO G0 80F3 
CASE: 17
110880F3

PC#: 1193
SW ZERO G0 80F4 
CASE: 17
110880F4

PC#: 1194
SW ZERO G0 80F5 
CASE: 17
110880F5

PC#: 1195
SW ZERO G0 80F6 
CASE: 17
110880F6

PC#: 1196
SW ZERO G0 80F7 
CASE: 17
110880F7

PC#: 1197
SW ZERO G0 80F8 
CASE: 17
110880F8

PC#: 1198
SW ZERO G0 80F9 
CASE: 17
110880F9

PC#: 1199
SW ZERO G0 80FA 
CASE: 17
110880FA

PC#: 1200
SW ZERO G0 80FB 
CASE: 17
110880FB

PC#: 1201
SW ZERO G0 80FC 
CASE: 17
110880FC

PC#: 1202
SW ZERO G1 8002 
CASE: 17
11098002

PC#: 1203
SW ZERO G1 8012 
CASE: 17
11098012

PC#: 1204
SW ZERO G1 8022 
CASE: 17
11098022

PC#: 1205
SW ZERO G1 8032 
CASE: 17
11098032

PC#: 1206
SW ZERO G1 8042 
CASE: 17
11098042

PC#: 1207
SW ZERO G1 8052 
CASE: 17
11098052

PC#: 1208
SW ZERO G1 8062 
CASE: 17
11098062

PC#: 1209
SW ZERO G1 8072 
CASE: 17
11098072

PC#: 1210
SW ZERO G1 8082 
CASE: 17
11098082

PC#: 1211
SW ZERO G1 8092 
CASE: 17
11098092

PC#: 1212
SW ZERO G1 80A2 
CASE: 17
110980A2

PC#: 1213
SW ZERO G1 80B2 
CASE: 17
110980B2

PC#: 1214
SW ZERO G1 80C2 
CASE: 17
110980C2

PC#: 1215
SW ZERO G1 80D2 
CASE: 17
110980D2

PC#: 1216
SW ZERO G1 80E2 
CASE: 17
110980E2

PC#: 1217
SW ZERO G1 80F2 
CASE: 17
110980F2

PC#: 1218
SW ZERO G1 8102 
CASE: 17
11098102

PC#: 1219
SW ZERO G1 8103 
CASE: 17
11098103

PC#: 1220
SW ZERO G1 8104 
CASE: 17
11098104

PC#: 1221
SW ZERO G1 8105 
CASE: 17
11098105

PC#: 1222
SW ZERO G1 8106 
CASE: 17
11098106

PC#: 1223
SW ZERO G1 8107 
CASE: 17
11098107

PC#: 1224
SW ZERO G1 8108 
CASE: 17
11098108

PC#: 1225
SW ZERO G1 8109 
CASE: 17
11098109

PC#: 1226
SW ZERO G1 810A 
CASE: 17
1109810A

PC#: 1227
SW ZERO G1 810B 
CASE: 17
1109810B

PC#: 1228
SW ZERO G1 810C 
CASE: 17
1109810C

PC#: 1229
SW ZERO G1 810D 
CASE: 17
1109810D

PC#: 1230
SW ZERO G1 80FD 
CASE: 17
110980FD

PC#: 1231
SW ZERO G1 80ED 
CASE: 17
110980ED

PC#: 1232
SW ZERO G1 80DD 
CASE: 17
110980DD

PC#: 1233
SW ZERO G1 80CD 
CASE: 17
110980CD

PC#: 1234
SW ZERO G1 80BD 
CASE: 17
110980BD

PC#: 1235
SW ZERO G1 80AD 
CASE: 17
110980AD

PC#: 1236
SW ZERO G1 809D 
CASE: 17
1109809D

PC#: 1237
SW ZERO G1 808D 
CASE: 17
1109808D

PC#: 1238
SW ZERO G1 807D 
CASE: 17
1109807D

PC#: 1239
SW ZERO G1 806D 
CASE: 17
1109806D

PC#: 1240
SW ZERO G1 805D 
CASE: 17
1109805D

PC#: 1241
SW ZERO G1 804D 
CASE: 17
1109804D

PC#: 1242
SW ZERO G1 803D 
CASE: 17
1109803D

PC#: 1243
SW ZERO G1 802D 
CASE: 17
1109802D

PC#: 1244
SW ZERO G1 801D 
CASE: 17
1109801D

PC#: 1245
SW ZERO G1 800D 
CASE: 17
1109800D

PC#: 1246
SW ZERO G1 8001 
CASE: 17
11098001

PC#: 1247
SW ZERO G1 8011 
CASE: 17
11098011

PC#: 1248
SW ZERO G1 8021 
CASE: 17
11098021

PC#: 1249
SW ZERO G1 8031 
CASE: 17
11098031

PC#: 1250
SW ZERO G1 8041 
CASE: 17
11098041

PC#: 1251
SW ZERO G1 8051 
CASE: 17
11098051

PC#: 1252
SW ZERO G1 8061 
CASE: 17
11098061

PC#: 1253
SW ZERO G1 8071 
CASE: 17
11098071

PC#: 1254
SW ZERO G1 8081 
CASE: 17
11098081

PC#: 1255
SW ZERO G1 8091 
CASE: 17
11098091

PC#: 1256
SW ZERO G1 80A1 
CASE: 17
110980A1

PC#: 1257
SW ZERO G1 80B1 
CASE: 17
110980B1

PC#: 1258
SW ZERO G1 80C1 
CASE: 17
110980C1

PC#: 1259
SW ZERO G1 80D1 
CASE: 17
110980D1

PC#: 1260
SW ZERO G1 80E1 
CASE: 17
110980E1

PC#: 1261
SW ZERO G1 80F1 
CASE: 17
110980F1

PC#: 1262
SW ZERO G1 8101 
CASE: 17
11098101

PC#: 1263
SW ZERO G1 8111 
CASE: 17
11098111

PC#: 1264
SW ZERO G1 8112 
CASE: 17
11098112

PC#: 1265
SW ZERO G1 8113 
CASE: 17
11098113

PC#: 1266
SW ZERO G1 8114 
CASE: 17
11098114

PC#: 1267
SW ZERO G1 8115 
CASE: 17
11098115

PC#: 1268
SW ZERO G1 8116 
CASE: 17
11098116

PC#: 1269
SW ZERO G1 8117 
CASE: 17
11098117

PC#: 1270
SW ZERO G1 8118 
CASE: 17
11098118

PC#: 1271
SW ZERO G1 8119 
CASE: 17
11098119

PC#: 1272
SW ZERO G1 811A 
CASE: 17
1109811A

PC#: 1273
SW ZERO G1 811B 
CASE: 17
1109811B

PC#: 1274
SW ZERO G1 811C 
CASE: 17
1109811C

PC#: 1275
SW ZERO G1 811D 
CASE: 17
1109811D

PC#: 1276
SW ZERO G1 811E 
CASE: 17
1109811E

PC#: 1277
SW ZERO G1 810E 
CASE: 17
1109810E

PC#: 1278
SW ZERO G1 80FE 
CASE: 17
110980FE

PC#: 1279
SW ZERO G1 80EE 
CASE: 17
110980EE

PC#: 1280
SW ZERO G1 80DE 
CASE: 17
110980DE

PC#: 1281
SW ZERO G1 80CE 
CASE: 17
110980CE

PC#: 1282
SW ZERO G1 80BE 
CASE: 17
110980BE

PC#: 1283
SW ZERO G1 80AE 
CASE: 17
110980AE

PC#: 1284
SW ZERO G1 809E 
CASE: 17
1109809E

PC#: 1285
SW ZERO G1 808E 
CASE: 17
1109808E

PC#: 1286
SW ZERO G1 807E 
CASE: 17
1109807E

PC#: 1287
SW ZERO G1 806E 
CASE: 17
1109806E

PC#: 1288
SW ZERO G1 805E 
CASE: 17
1109805E

PC#: 1289
SW ZERO G1 804E 
CASE: 17
1109804E

PC#: 1290
SW ZERO G1 803E 
CASE: 17
1109803E

PC#: 1291
SW ZERO G1 802E 
CASE: 17
1109802E

PC#: 1292
SW ZERO G1 801E 
CASE: 17
1109801E

PC#: 1293
SW ZERO G1 800E 
CASE: 17
1109800E

PC#: 1294
SW ZERO G1 8000 
CASE: 17
11098000

PC#: 1295
SW ZERO G1 8010 
CASE: 17
11098010

PC#: 1296
SW ZERO G1 8020 
CASE: 17
11098020

PC#: 1297
SW ZERO G1 8030 
CASE: 17
11098030

PC#: 1298
SW ZERO G1 8040 
CASE: 17
11098040

PC#: 1299
SW ZERO G1 8050 
CASE: 17
11098050

PC#: 1300
SW ZERO G1 8060 
CASE: 17
11098060

PC#: 1301
SW ZERO G1 8070 
CASE: 17
11098070

PC#: 1302
SW ZERO G1 8080 
CASE: 17
11098080

PC#: 1303
SW ZERO G1 8090 
CASE: 17
11098090

PC#: 1304
SW ZERO G1 80A0 
CASE: 17
110980A0

PC#: 1305
SW ZERO G1 80B0 
CASE: 17
110980B0

PC#: 1306
SW ZERO G1 80C0 
CASE: 17
110980C0

PC#: 1307
SW ZERO G1 80D0 
CASE: 17
110980D0

PC#: 1308
SW ZERO G1 80E0 
CASE: 17
110980E0

PC#: 1309
SW ZERO G1 80F0 
CASE: 17
110980F0

PC#: 1310
SW ZER0 G1 8100 
CASE: 17
11098100

PC#: 1311
SW ZER0 G1 8110 
CASE: 17
11098110

PC#: 1312
SW ZER0 G1 8120 
CASE: 17
11098120

PC#: 1313
SW ZERO G1 8121 
CASE: 17
11098121

PC#: 1314
SW ZERO G1 8122 
CASE: 17
11098122

PC#: 1315
SW ZERO G1 8123 
CASE: 17
11098123

PC#: 1316
SW ZERO G1 8124 
CASE: 17
11098124

PC#: 1317
SW ZERO G1 8125 
CASE: 17
11098125

PC#: 1318
SW ZERO G1 8126 
CASE: 17
11098126

PC#: 1319
SW ZERO G1 8127 
CASE: 17
11098127

PC#: 1320
SW ZERO G1 8128 
CASE: 17
11098128

PC#: 1321
SW ZERO G1 8129 
CASE: 17
11098129

PC#: 1322
SW ZERO G1 812A 
CASE: 17
1109812A

PC#: 1323
SW ZERO G1 812B 
CASE: 17
1109812B

PC#: 1324
SW ZERO G1 812C 
CASE: 17
1109812C

PC#: 1325
SW ZERO G1 812D 
CASE: 17
1109812D

PC#: 1326
SW ZERO G1 812E 
CASE: 17
1109812E

PC#: 1327
SW ZERO G1 812F 
CASE: 17
1109812F

PC#: 1328
SW ZERO G1 811F 
CASE: 17
1109811F

PC#: 1329
SW ZERO G1 810F 
CASE: 17
1109810F

PC#: 1330
SW ZERO G1 80FF 
CASE: 17
110980FF

PC#: 1331
SW ZERO G1 80EF 
CASE: 17
110980EF

PC#: 1332
SW ZERO G1 80DF 
CASE: 17
110980DF

PC#: 1333
SW ZERO G1 80CF 
CASE: 17
110980CF

PC#: 1334
SW ZERO G1 80BF 
CASE: 17
110980BF

PC#: 1335
SW ZERO G1 80AF 
CASE: 17
110980AF

PC#: 1336
SW ZERO G1 809F 
CASE: 17
1109809F

PC#: 1337
SW ZERO G1 808F 
CASE: 17
1109808F

PC#: 1338
SW ZERO G1 807F 
CASE: 17
1109807F

PC#: 1339
SW ZERO G1 806F 
CASE: 17
1109806F

PC#: 1340
SW ZERO G1 805F 
CASE: 17
1109805F

PC#: 1341
SW ZERO G1 804F 
CASE: 17
1109804F

PC#: 1342
SW ZERO G1 803F 
CASE: 17
1109803F

PC#: 1343
SW ZERO G1 802F 
CASE: 17
1109802F

PC#: 1344
SW ZERO G1 801F 
CASE: 17
1109801F

PC#: 1345
SW ZERO G1 800F 
CASE: 17
1109800F

PC#: 1346
SW ZERO G2 1002 
CASE: 17
110A1002

PC#: 1347
SW ZERO G2 1012 
CASE: 17
110A1012

PC#: 1348
SW ZERO G2 1022 
CASE: 17
110A1022

PC#: 1349
SW ZERO G2 1032 
CASE: 17
110A1032

PC#: 1350
SW ZERO G2 1042 
CASE: 17
110A1042

PC#: 1351
SW ZERO G2 1052 
CASE: 17
110A1052

PC#: 1352
SW ZERO G2 1062 
CASE: 17
110A1062

PC#: 1353
SW ZERO G2 1072 
CASE: 17
110A1072

PC#: 1354
SW ZERO G2 1082 
CASE: 17
110A1082

PC#: 1355
SW ZERO G2 1092 
CASE: 17
110A1092

PC#: 1356
SW ZERO G2 10A2 
CASE: 17
110A10A2

PC#: 1357
SW ZERO G2 10B2 
CASE: 17
110A10B2

PC#: 1358
SW ZERO G2 10C2 
CASE: 17
110A10C2

PC#: 1359
SW ZERO G2 10D2 
CASE: 17
110A10D2

PC#: 1360
SW ZERO G2 10E2 
CASE: 17
110A10E2

PC#: 1361
SW ZERO G2 10F2 
CASE: 17
110A10F2

PC#: 1362
SW ZERO G2 1102 
CASE: 17
110A1102

PC#: 1363
SW ZERO G2 1103 
CASE: 17
110A1103

PC#: 1364
SW ZERO G2 1104 
CASE: 17
110A1104

PC#: 1365
SW ZERO G2 1105 
CASE: 17
110A1105

PC#: 1366
SW ZERO G2 1106 
CASE: 17
110A1106

PC#: 1367
SW ZERO G2 1107 
CASE: 17
110A1107

PC#: 1368
SW ZERO G2 1108 
CASE: 17
110A1108

PC#: 1369
SW ZERO G2 1109 
CASE: 17
110A1109

PC#: 1370
SW ZERO G2 110A 
CASE: 17
110A110A

PC#: 1371
SW ZERO G2 110B 
CASE: 17
110A110B

PC#: 1372
SW ZERO G2 110C 
CASE: 17
110A110C

PC#: 1373
SW ZERO G2 110D 
CASE: 17
110A110D

PC#: 1374
SW ZERO G2 10FD 
CASE: 17
110A10FD

PC#: 1375
SW ZERO G2 10ED 
CASE: 17
110A10ED

PC#: 1376
SW ZERO G2 10DD 
CASE: 17
110A10DD

PC#: 1377
SW ZERO G2 10CD 
CASE: 17
110A10CD

PC#: 1378
SW ZERO G2 10BD 
CASE: 17
110A10BD

PC#: 1379
SW ZERO G2 10AD 
CASE: 17
110A10AD

PC#: 1380
SW ZERO G2 109D 
CASE: 17
110A109D

PC#: 1381
SW ZERO G2 108D 
CASE: 17
110A108D

PC#: 1382
SW ZERO G2 107D 
CASE: 17
110A107D

PC#: 1383
SW ZERO G2 106D 
CASE: 17
110A106D

PC#: 1384
SW ZERO G2 105D 
CASE: 17
110A105D

PC#: 1385
SW ZERO G2 104D 
CASE: 17
110A104D

PC#: 1386
SW ZERO G2 103D 
CASE: 17
110A103D

PC#: 1387
SW ZERO G2 102D 
CASE: 17
110A102D

PC#: 1388
SW ZERO G2 101D 
CASE: 17
110A101D

PC#: 1389
SW ZERO G2 100D 
CASE: 17
110A100D

PC#: 1390
SW ZERO G2 1001 
CASE: 17
110A1001

PC#: 1391
SW ZERO G2 1011 
CASE: 17
110A1011

PC#: 1392
SW ZERO G2 1021 
CASE: 17
110A1021

PC#: 1393
SW ZERO G2 1031 
CASE: 17
110A1031

PC#: 1394
SW ZERO G2 1041 
CASE: 17
110A1041

PC#: 1395
SW ZERO G2 1051 
CASE: 17
110A1051

PC#: 1396
SW ZERO G2 1061 
CASE: 17
110A1061

PC#: 1397
SW ZERO G2 1071 
CASE: 17
110A1071

PC#: 1398
SW ZERO G2 1081 
CASE: 17
110A1081

PC#: 1399
SW ZERO G2 1091 
CASE: 17
110A1091

PC#: 1400
SW ZERO G2 10A1 
CASE: 17
110A10A1

PC#: 1401
SW ZERO G2 10B1 
CASE: 17
110A10B1

PC#: 1402
SW ZERO G2 10C1 
CASE: 17
110A10C1

PC#: 1403
SW ZERO G2 10D1 
CASE: 17
110A10D1

PC#: 1404
SW ZERO G2 10E1 
CASE: 17
110A10E1

PC#: 1405
SW ZERO G2 10F1 
CASE: 17
110A10F1

PC#: 1406
SW ZERO G2 1101 
CASE: 17
110A1101

PC#: 1407
SW ZERO G2 1111 
CASE: 17
110A1111

PC#: 1408
SW ZERO G2 1112 
CASE: 17
110A1112

PC#: 1409
SW ZERO G2 1113 
CASE: 17
110A1113

PC#: 1410
SW ZERO G2 1114 
CASE: 17
110A1114

PC#: 1411
SW ZERO G2 1115 
CASE: 17
110A1115

PC#: 1412
SW ZERO G2 1116 
CASE: 17
110A1116

PC#: 1413
SW ZERO G2 1117 
CASE: 17
110A1117

PC#: 1414
SW ZERO G2 1118 
CASE: 17
110A1118

PC#: 1415
SW ZERO G2 1119 
CASE: 17
110A1119

PC#: 1416
SW ZERO G2 111A 
CASE: 17
110A111A

PC#: 1417
SW ZERO G2 111B 
CASE: 17
110A111B

PC#: 1418
SW ZERO G2 111C 
CASE: 17
110A111C

PC#: 1419
SW ZERO G2 111D 
CASE: 17
110A111D

PC#: 1420
SW ZERO G2 111E 
CASE: 17
110A111E

PC#: 1421
SW ZERO G2 110E 
CASE: 17
110A110E

PC#: 1422
SW ZERO G2 10FE 
CASE: 17
110A10FE

PC#: 1423
SW ZERO G2 10EE 
CASE: 17
110A10EE

PC#: 1424
SW ZERO G2 10DE 
CASE: 17
110A10DE

PC#: 1425
SW ZERO G2 10CE 
CASE: 17
110A10CE

PC#: 1426
SW ZERO G2 10BE 
CASE: 17
110A10BE

PC#: 1427
SW ZERO G2 10AE 
CASE: 17
110A10AE

PC#: 1428
SW ZERO G2 109E 
CASE: 17
110A109E

PC#: 1429
SW ZERO G2 108E 
CASE: 17
110A108E

PC#: 1430
SW ZERO G2 107E 
CASE: 17
110A107E

PC#: 1431
SW ZERO G2 106E 
CASE: 17
110A106E

PC#: 1432
SW ZERO G2 105E 
CASE: 17
110A105E

PC#: 1433
SW ZERO G2 104E 
CASE: 17
110A104E

PC#: 1434
SW ZERO G2 103E 
CASE: 17
110A103E

PC#: 1435
SW ZERO G2 102E 
CASE: 17
110A102E

PC#: 1436
SW ZERO G2 101E 
CASE: 17
110A101E

PC#: 1437
SW ZERO G2 100E 
CASE: 17
110A100E

PC#: 1438
SW ZERO G2 1000 
CASE: 17
110A1000

PC#: 1439
SW ZERO G2 1010 
CASE: 17
110A1010

PC#: 1440
SW ZERO G2 1020 
CASE: 17
110A1020

PC#: 1441
SW ZERO G2 1030 
CASE: 17
110A1030

PC#: 1442
SW ZERO G2 1040 
CASE: 17
110A1040

PC#: 1443
SW ZERO G2 1050 
CASE: 17
110A1050

PC#: 1444
SW ZERO G2 1060 
CASE: 17
110A1060

PC#: 1445
SW ZERO G2 1070 
CASE: 17
110A1070

PC#: 1446
SW ZERO G2 1080 
CASE: 17
110A1080

PC#: 1447
SW ZERO G2 1090 
CASE: 17
110A1090

PC#: 1448
SW ZERO G2 10A0 
CASE: 17
110A10A0

PC#: 1449
SW ZERO G2 10B0 
CASE: 17
110A10B0

PC#: 1450
SW ZERO G2 10C0 
CASE: 17
110A10C0

PC#: 1451
SW ZERO G2 10D0 
CASE: 17
110A10D0

PC#: 1452
SW ZERO G2 10E0 
CASE: 17
110A10E0

PC#: 1453
SW ZERO G2 10F0 
CASE: 17
110A10F0

PC#: 1454
SW ZER0 G2 1100 
CASE: 17
110A1100

PC#: 1455
SW ZER0 G2 1110 
CASE: 17
110A1110

PC#: 1456
SW ZER0 G2 1120 
CASE: 17
110A1120

PC#: 1457
SW ZERO G2 1121 
CASE: 17
110A1121

PC#: 1458
SW ZERO G2 1122 
CASE: 17
110A1122

PC#: 1459
SW ZERO G2 1123 
CASE: 17
110A1123

PC#: 1460
SW ZERO G2 1124 
CASE: 17
110A1124

PC#: 1461
SW ZERO G2 1125 
CASE: 17
110A1125

PC#: 1462
SW ZERO G2 1126 
CASE: 17
110A1126

PC#: 1463
SW ZERO G2 1127 
CASE: 17
110A1127

PC#: 1464
SW ZERO G2 1128 
CASE: 17
110A1128

PC#: 1465
SW ZERO G2 1129 
CASE: 17
110A1129

PC#: 1466
SW ZERO G2 112A 
CASE: 17
110A112A

PC#: 1467
SW ZERO G2 112B 
CASE: 17
110A112B

PC#: 1468
SW ZERO G2 112C 
CASE: 17
110A112C

PC#: 1469
SW ZERO G2 112D 
CASE: 17
110A112D

PC#: 1470
SW ZERO G2 112E 
CASE: 17
110A112E

PC#: 1471
SW ZERO G2 112F 
CASE: 17
110A112F

PC#: 1472
SW ZERO G2 111F 
CASE: 17
110A111F

PC#: 1473
SW ZERO G2 110F 
CASE: 17
110A110F

PC#: 1474
SW ZERO G2 10FF 
CASE: 17
110A10FF

PC#: 1475
SW ZERO G2 10EF 
CASE: 17
110A10EF

PC#: 1476
SW ZERO G2 10DF 
CASE: 17
110A10DF

PC#: 1477
SW ZERO G2 10CF 
CASE: 17
110A10CF

PC#: 1478
SW ZERO G2 10BF 
CASE: 17
110A10BF

PC#: 1479
SW ZERO G2 10AF 
CASE: 17
110A10AF

PC#: 1480
SW ZERO G2 109F 
CASE: 17
110A109F

PC#: 1481
SW ZERO G2 108F 
CASE: 17
110A108F

PC#: 1482
SW ZERO G2 107F 
CASE: 17
110A107F

PC#: 1483
SW ZERO G2 106F 
CASE: 17
110A106F

PC#: 1484
SW ZERO G2 105F 
CASE: 17
110A105F

PC#: 1485
SW ZERO G2 104F 
CASE: 17
110A104F

PC#: 1486
SW ZERO G2 103F 
CASE: 17
110A103F

PC#: 1487
SW ZERO G2 102F 
CASE: 17
110A102F

PC#: 1488
SW ZERO G2 101F 
CASE: 17
110A101F

PC#: 1489
SW ZERO G2 100F 
CASE: 17
110A100F

PC#: 1490
JR LR   
CASE: 23
17500000

PC#: 1491
MULI G1 G1 0010 
CASE: 13
0D990010

PC#: 1492
ADD G0 G0 G1 
CASE: 0
00889000

PC#: 1493
SW G0 G2 8000 
CASE: 17
118A8000

PC#: 1494
JR LR   
CASE: 23
17500000

PC#: 1495
MOV G2 0001  
CASE: 26
1AA00010

PC#: 1496
MULI G1 G1 0010 
CASE: 13
0D990010

PC#: 1497
ADD G0 G0 G1 
CASE: 0
00889000

PC#: 1498
SW G0 G2 8000 
CASE: 17
118A8000

PC#: 1499
JR LR   
CASE: 23
17500000

PC#: 1500
MOV G3 8000  
CASE: 26
1AB80000

PC#: 1501
MULI G1 G1 0010 
CASE: 13
0D990010

PC#: 1502
ADD G3 G3 G0 
CASE: 0
00BB8000

PC#: 1503
ADD G3 G3 G1 
CASE: 0
00BB9000

PC#: 1504
LW G0 G2 0000 
CASE: 16
108A0000

PC#: 1505
ADDI G2 G2 0001 
CASE: 11
0BAA0001

PC#: 1506
LW G1 G2 0000 
CASE: 16
109A0000

PC#: 1507
ADD G1 G1 G3 
CASE: 0
0099B000

PC#: 1508
SW G1 G0 0000 
CASE: 17
11980000

PC#: 1509
ADDI G2 G2 0001 
CASE: 11
0BAA0001

PC#: 1510
LW G1 G2 0000 
CASE: 16
109A0000

PC#: 1511
ADD G1 G1 G3 
CASE: 0
0099B000

PC#: 1512
SW G1 G0 0000 
CASE: 17
11980000

PC#: 1513
ADDI G2 G2 0001 
CASE: 11
0BAA0001

PC#: 1514
LW G1 G2 0000 
CASE: 16
109A0000

PC#: 1515
ADD G1 G1 G3 
CASE: 0
0099B000

PC#: 1516
SW G1 G0 0000 
CASE: 17
11980000

PC#: 1517
ADDI G2 G2 0001 
CASE: 11
0BAA0001

PC#: 1518
LW G1 G2 0000 
CASE: 16
109A0000

PC#: 1519
ADD G1 G1 G3 
CASE: 0
0099B000

PC#: 1520
SW G1 G0 0000 
CASE: 17
11980000

PC#: 1521
JR LR   
CASE: 23
17500000

PC#: 1522
MOV G3 1000  
CASE: 26
1AB10000

PC#: 1523
MULI G1 G1 0010 
CASE: 13
0D990010

PC#: 1524
ADD G3 G3 G0 
CASE: 0
00BB8000

PC#: 1525
ADD G3 G3 G1 
CASE: 0
00BB9000

PC#: 1526
MOV G0 FFFF  
CASE: 26
1A8FFFF0

PC#: 1527
ADDI G2 G2 0001 
CASE: 11
0BAA0001

PC#: 1528
LW G1 G2 0000 
CASE: 16
109A0000

PC#: 1529
ADD G1 G1 G3 
CASE: 0
0099B000

PC#: 1530
SW G1 G0 0000 
CASE: 17
11980000

PC#: 1531
ADDI G2 G2 0001 
CASE: 11
0BAA0001

PC#: 1532
LW G1 G2 0000 
CASE: 16
109A0000

PC#: 1533
ADD G1 G1 G3 
CASE: 0
0099B000

PC#: 1534
SW G1 G0 0000 
CASE: 17
11980000

PC#: 1535
ADDI G2 G2 0001 
CASE: 11
0BAA0001

PC#: 1536
LW G1 G2 0000 
CASE: 16
109A0000

PC#: 1537
ADD G1 G1 G3 
CASE: 0
0099B000

PC#: 1538
SW G1 G0 0000 
CASE: 17
11980000

PC#: 1539
ADDI G2 G2 0001 
CASE: 11
0BAA0001

PC#: 1540
LW G1 G2 0000 
CASE: 16
109A0000

PC#: 1541
ADD G1 G1 G3 
CASE: 0
0099B000

PC#: 1542
SW G1 G0 0000 
CASE: 17
11980000

PC#: 1543
JR LR   
CASE: 23
17500000

PC#: 1544
MOV G3 8000  
CASE: 26
1AB80000

PC#: 1545
MULI G1 G1 0010 
CASE: 13
0D990010

PC#: 1546
ADD G3 G3 G0 
CASE: 0
00BB8000

PC#: 1547
ADD G3 G3 G1 
CASE: 0
00BB9000

PC#: 1548
MOV G0 0001  
CASE: 26
1A800010

PC#: 1549
ADDI G2 G2 0001 
CASE: 11
0BAA0001

PC#: 1550
LW G1 G2 0000 
CASE: 16
109A0000

PC#: 1551
ADD G1 G1 G3 
CASE: 0
0099B000

PC#: 1552
SW G1 G0 0000 
CASE: 17
11980000

PC#: 1553
ADDI G2 G2 0001 
CASE: 11
0BAA0001

PC#: 1554
LW G1 G2 0000 
CASE: 16
109A0000

PC#: 1555
ADD G1 G1 G3 
CASE: 0
0099B000

PC#: 1556
SW G1 G0 0000 
CASE: 17
11980000

PC#: 1557
ADDI G2 G2 0001 
CASE: 11
0BAA0001

PC#: 1558
LW G1 G2 0000 
CASE: 16
109A0000

PC#: 1559
ADD G1 G1 G3 
CASE: 0
0099B000

PC#: 1560
SW G1 G0 0000 
CASE: 17
11980000

PC#: 1561
ADDI G2 G2 0001 
CASE: 11
0BAA0001

PC#: 1562
LW G1 G2 0000 
CASE: 16
109A0000

PC#: 1563
ADD G1 G1 G3 
CASE: 0
0099B000

PC#: 1564
SW G1 G0 0000 
CASE: 17
11980000

PC#: 1565
JR LR   
CASE: 23
17500000

PC#: 1566
SUBI G0 G0 7000 
CASE: 12
0C887000

PC#: 1567
MOV G2 0000  
CASE: 26
1AA00000

PC#: 1568
MOV G3 0009  
CASE: 26
1AB00090

PC#: 1569
BLT G3 G2 FOR_CHECK_LINE_END: 
CASE: 18
12BA0629

PC#: 1570
LW G1 G0 0000 
CASE: 16
10980000

PC#: 1571
BNE G1 ZERO CHECK_LINE_CONT: 
CASE: 20
14900626

PC#: 1572
MOV G0 FAFA  
CASE: 26
1A8FAFA0

PC#: 1573
JR LR   
CASE: 23
17500000

PC#: 1574
ADDI G2 G2 0001 
CASE: 11
0BAA0001

PC#: 1575
ADDI G0 G0 0001 
CASE: 11
0B880001

PC#: 1576
JMP FOR_CHECK_LINE_START:   
CASE: 21
15062100

PC#: 1577
JR LR   
CASE: 23
17500000

PC#: 1578
MOV G1 0077  
CASE: 26
1A900770

PC#: 1579
MOV G2 FAFA  
CASE: 26
1AAFAFA0

PC#: 1580
BEQ G0 G2 CLEAR_LINE_CONT: 
CASE: 19
138A064C

PC#: 1581
SW G0 G1 6FF6 
CASE: 17
11896FF6

PC#: 1582
SW G0 G1 6FF7 
CASE: 17
11896FF7

PC#: 1583
SW G0 G1 6FF8 
CASE: 17
11896FF8

PC#: 1584
SW G0 G1 6FF9 
CASE: 17
11896FF9

PC#: 1585
SW G0 G1 6FFA 
CASE: 17
11896FFA

PC#: 1586
SW G0 G1 6FFB 
CASE: 17
11896FFB

PC#: 1587
SW G0 G1 6FFC 
CASE: 17
11896FFC

PC#: 1588
SW G0 G1 6FFD 
CASE: 17
11896FFD

PC#: 1589
SW G0 G1 6FFE 
CASE: 17
11896FFE

PC#: 1590
SW G0 G1 6FFF 
CASE: 17
11896FFF

PC#: 1591
SW G0 ZERO FFF6 
CASE: 17
1180FFF6

PC#: 1592
SW G0 ZERO FFF7 
CASE: 17
1180FFF7

PC#: 1593
SW G0 ZERO FFF8 
CASE: 17
1180FFF8

PC#: 1594
SW G0 ZERO FFF9 
CASE: 17
1180FFF9

PC#: 1595
SW G0 ZERO FFFA 
CASE: 17
1180FFFA

PC#: 1596
SW G0 ZERO FFFB 
CASE: 17
1180FFFB

PC#: 1597
SW G0 ZERO FFFC 
CASE: 17
1180FFFC

PC#: 1598
SW G0 ZERO FFFD 
CASE: 17
1180FFFD

PC#: 1599
SW G0 ZERO FFFE 
CASE: 17
1180FFFE

PC#: 1600
SW G0 ZERO FFFF 
CASE: 17
1180FFFF

PC#: 1601
MOV G2 0001  
CASE: 26
1AA00010

PC#: 1602
SW G0 G2 6FF6 
CASE: 17
118A6FF6

PC#: 1603
SW G0 G2 6FF7 
CASE: 17
118A6FF7

PC#: 1604
SW G0 G2 6FF8 
CASE: 17
118A6FF8

PC#: 1605
SW G0 G2 6FF9 
CASE: 17
118A6FF9

PC#: 1606
SW G0 G2 6FFA 
CASE: 17
118A6FFA

PC#: 1607
SW G0 G2 6FFB 
CASE: 17
118A6FFB

PC#: 1608
SW G0 G2 6FFC 
CASE: 17
118A6FFC

PC#: 1609
SW G0 G2 6FFD 
CASE: 17
118A6FFD

PC#: 1610
SW G0 G2 6FFE 
CASE: 17
118A6FFE

PC#: 1611
SW G0 G2 6FFF 
CASE: 17
118A6FFF

PC#: 1612
JR LR   
CASE: 23
17500000

PC#: 1613
MOV G3 1000  
CASE: 26
1AB10000

PC#: 1614
MULI G1 G1 0010 
CASE: 13
0D990010

PC#: 1615
ADD G3 G3 G0 
CASE: 0
00BB8000

PC#: 1616
ADD G3 G3 G1 
CASE: 0
00BB9000

PC#: 1617
MOV G5 0001  
CASE: 26
1AD00010

PC#: 1618
MOV G6 0000  
CASE: 26
1AE00000

PC#: 1619
MOV G7 0008  
CASE: 26
1AF00080

PC#: 1620
LW G0 G2 0000 
CASE: 16
108A0000

PC#: 1621
SUBI G0 G0 0001 
CASE: 12
0C880001

PC#: 1622
BLT G0 G6 FOR_COLLISION_CHECK_END: 
CASE: 18
128E0663

PC#: 1623
ADDI G2 G2 0001 
CASE: 11
0BAA0001

PC#: 1624
LW G1 G2 0000 
CASE: 16
109A0000

PC#: 1625
ADD G1 G1 G3 
CASE: 0
0099B000

PC#: 1626
LW G4 G1 0000 
CASE: 16
10C90000

PC#: 1627
BEQ G4 ZERO COLLISION_CHECK_CONT: 
CASE: 19
13C00661

PC#: 1628
MOV G0 0001  
CASE: 26
1A800010

PC#: 1629
SUB G1 G2 G6 
CASE: 1
019AE000

PC#: 1630
LW G1 G1 0000 
CASE: 16
10990000

PC#: 1631
SW ZERO G1 020E 
CASE: 17
1109020E

PC#: 1632
JR LR   
CASE: 23
17500000

PC#: 1633
ADDI G6 G6 0001 
CASE: 11
0BEE0001

PC#: 1634
JMP FOR_COLLISION_CHECK_START:   
CASE: 21
15065600

PC#: 1635
MOV G0 0000  
CASE: 26
1A800000

PC#: 1636
JR LR   
CASE: 23
17500000

PC#: 1637
LW G0 ZERO 0200 
CASE: 16
10800200

PC#: 1638
LW G1 ZERO 0201 
CASE: 16
10900201

PC#: 1639
LW G2 ZERO 020D 
CASE: 16
10A0020D

PC#: 1640
JAL DRAW_SPRITE: LR  
CASE: 22
1605DC50

PC#: 1641
LW G0 ZERO 0200 
CASE: 16
10800200

PC#: 1642
LW G1 ZERO 0201 
CASE: 16
10900201

PC#: 1643
SW ZERO G0 020B 
CASE: 17
1108020B

PC#: 1644
SW ZERO G1 020C 
CASE: 17
1109020C

PC#: 1645
LW G2 ZERO 020D 
CASE: 16
10A0020D

PC#: 1646
JAL WRITE_SPRITE: LR  
CASE: 22
1605F250

PC#: 1647
LW G2 ZERO 020E 
CASE: 16
10A0020E

PC#: 1648
MOV G0 00F0  
CASE: 26
1A800F00

PC#: 1649
AND G0 G0 G2 
CASE: 6
0688A000

PC#: 1650
MOV G7 8003  
CASE: 26
1AF80030

PC#: 1651
LW G1 ZERO 020C 
CASE: 16
1090020C

PC#: 1652
MULI G1 G1 0010 
CASE: 13
0D990010

PC#: 1653
ADD G1 G1 G0 
CASE: 0
00998000

PC#: 1654
ADD G7 G7 G1 
CASE: 0
00FF9000

PC#: 1655
MOV G1 0000  
CASE: 26
1A900000

PC#: 1656
SW SP G1 0001 
CASE: 17
11490001

PC#: 1657
ADDI SP SP 0001 
CASE: 11
0B440001

PC#: 1658
MOV G5 0000  
CASE: 26
1AD00000

PC#: 1659
MOV G6 0030  
CASE: 26
1AE00300

PC#: 1660
BLT G6 G5 PIECE_LANDED_FOR_END: 
CASE: 18
12ED0685

PC#: 1661
SUB G0 G7 G5 
CASE: 1
018FD000

PC#: 1662
JAL CHECK_LINE: LR  
CASE: 22
16061E50

PC#: 1663
LW G1 SP 0000 
CASE: 16
10940000

PC#: 1664
SW G1 G0 0206 
CASE: 17
11980206

PC#: 1665
ADDI G1 G1 0001 
CASE: 11
0B990001

PC#: 1666
SW SP G1 0000 
CASE: 17
11490000

PC#: 1667
ADDI G5 G5 0010 
CASE: 11
0BDD0010

PC#: 1668
JMP PIECE_LANDED_FOR_START:   
CASE: 21
15067C00

PC#: 1669
SUBI SP SP 0001 
CASE: 12
0C440001

PC#: 1670
MOV G5 0000  
CASE: 26
1AD00000

PC#: 1671
MOV G6 0003  
CASE: 26
1AE00030

PC#: 1672
BLT G6 G5 PIECE_LANDED_FOR2_END: 
CASE: 18
12ED068D

PC#: 1673
LW G0 G5 0206 
CASE: 16
108D0206

PC#: 1674
JAL CLEAR_LINE: LR  
CASE: 22
16062A50

PC#: 1675
ADDI G5 G5 0001 
CASE: 11
0BDD0001

PC#: 1676
JMP PIECE_LANDED_FOR2_START:   
CASE: 21
15068800

PC#: 1677
MOV G5 0000  
CASE: 26
1AD00000

PC#: 1678
MOV G6 0003  
CASE: 26
1AE00030

PC#: 1679
BLT G6 G5 PIECE_LANDED_FOR3_END: 
CASE: 18
12ED06A1

PC#: 1680
MOV G7 F000  
CASE: 26
1AFF0000

PC#: 1681
LW G0 G5 0206 
CASE: 16
108D0206

PC#: 1682
SW SP G5 0001 
CASE: 17
114D0001

PC#: 1683
ADDI SP SP 0001 
CASE: 11
0B440001

PC#: 1684
SW SP G6 0001 
CASE: 17
114E0001

PC#: 1685
ADDI SP SP 0001 
CASE: 11
0B440001

PC#: 1686
BLT G7 G0 PIECE_LANDED_CONT: 
CASE: 18
12F8069B

PC#: 1687
LW G7 G5 0207 
CASE: 16
10FD0207

PC#: 1688
ADDI G7 G7 0010 
CASE: 11
0BFF0010

PC#: 1689
SW G5 G7 0207 
CASE: 17
11DF0207

PC#: 1690
JAL SHIFT_DOWN: LR  
CASE: 22
1606A250

PC#: 1691
LW G6 SP 0000 
CASE: 16
10E40000

PC#: 1692
SUBI SP SP 0001 
CASE: 12
0C440001

PC#: 1693
LW G5 SP 0000 
CASE: 16
10D40000

PC#: 1694
SUBI SP SP 0001 
CASE: 12
0C440001

PC#: 1695
ADDI G5 G5 0001 
CASE: 11
0BDD0001

PC#: 1696
JMP PIECE_LANDED_FOR3_START:   
CASE: 21
15068F00

PC#: 1697
JMP NEW_PIECE:   
CASE: 21
1506E400

PC#: 1698
MOV G1 0001  
CASE: 26
1A900010

PC#: 1699
SW ZERO G1 7FF3 
CASE: 17
11097FF3

PC#: 1700
SW ZERO G1 7FF4 
CASE: 17
11097FF4

PC#: 1701
SW ZERO G1 7FF5 
CASE: 17
11097FF5

PC#: 1702
SW ZERO G1 7FF6 
CASE: 17
11097FF6

PC#: 1703
SW ZERO G1 7FF7 
CASE: 17
11097FF7

PC#: 1704
SW ZERO G1 7FF8 
CASE: 17
11097FF8

PC#: 1705
SW ZERO G1 7FF9 
CASE: 17
11097FF9

PC#: 1706
SW ZERO G1 7FFA 
CASE: 17
11097FFA

PC#: 1707
SW ZERO G1 7FFB 
CASE: 17
11097FFB

PC#: 1708
SW ZERO G1 7FFC 
CASE: 17
11097FFC

PC#: 1709
MOV G1 0010  
CASE: 26
1A900100

PC#: 1710
MOV G2 1000  
CASE: 26
1AA10000

PC#: 1711
SUB G0 G0 G1 
CASE: 1
01889000

PC#: 1712
LW G3 G0 FFFF 
CASE: 16
10B8FFFF

PC#: 1713
LW G4 G0 FFFD 
CASE: 16
10C8FFFD

PC#: 1714
LW G5 G0 FFFB 
CASE: 16
10D8FFFB

PC#: 1715
LW G6 G0 FFF9 
CASE: 16
10E8FFF9

PC#: 1716
LW G7 G0 FFF7 
CASE: 16
10F8FFF7

PC#: 1717
ADD G0 G0 G1 
CASE: 0
00889000

PC#: 1718
SW G0 G3 FFFF 
CASE: 17
118BFFFF

PC#: 1719
SW G0 G4 FFFD 
CASE: 17
118CFFFD

PC#: 1720
SW G0 G5 FFFB 
CASE: 17
118DFFFB

PC#: 1721
SW G0 G6 FFF9 
CASE: 17
118EFFF9

PC#: 1722
SW G0 G7 FFF7 
CASE: 17
118FFFF7

PC#: 1723
SUB G0 G0 G1 
CASE: 1
01889000

PC#: 1724
LW G3 G0 6FFF 
CASE: 16
10B86FFF

PC#: 1725
LW G4 G0 6FFD 
CASE: 16
10C86FFD

PC#: 1726
LW G5 G0 6FFB 
CASE: 16
10D86FFB

PC#: 1727
LW G6 G0 6FF9 
CASE: 16
10E86FF9

PC#: 1728
LW G7 G0 6FF7 
CASE: 16
10F86FF7

PC#: 1729
ADD G0 G0 G1 
CASE: 0
00889000

PC#: 1730
SW G0 G3 6FFF 
CASE: 17
118B6FFF

PC#: 1731
SW G0 G4 6FFD 
CASE: 17
118C6FFD

PC#: 1732
SW G0 G5 6FFB 
CASE: 17
118D6FFB

PC#: 1733
SW G0 G6 6FF9 
CASE: 17
118E6FF9

PC#: 1734
SW G0 G7 6FF7 
CASE: 17
118F6FF7

PC#: 1735
SUBI G0 G0 0001 
CASE: 12
0C880001

PC#: 1736
SUB G0 G0 G1 
CASE: 1
01889000

PC#: 1737
LW G3 G0 FFFF 
CASE: 16
10B8FFFF

PC#: 1738
LW G4 G0 FFFD 
CASE: 16
10C8FFFD

PC#: 1739
LW G5 G0 FFFB 
CASE: 16
10D8FFFB

PC#: 1740
LW G6 G0 FFF9 
CASE: 16
10E8FFF9

PC#: 1741
LW G7 G0 FFF7 
CASE: 16
10F8FFF7

PC#: 1742
ADD G0 G0 G1 
CASE: 0
00889000

PC#: 1743
SW G0 G3 FFFF 
CASE: 17
118BFFFF

PC#: 1744
SW G0 G4 FFFD 
CASE: 17
118CFFFD

PC#: 1745
SW G0 G5 FFFB 
CASE: 17
118DFFFB

PC#: 1746
SW G0 G6 FFF9 
CASE: 17
118EFFF9

PC#: 1747
SW G0 G7 FFF7 
CASE: 17
118FFFF7

PC#: 1748
SUB G0 G0 G1 
CASE: 1
01889000

PC#: 1749
LW G3 G0 6FFF 
CASE: 16
10B86FFF

PC#: 1750
LW G4 G0 6FFD 
CASE: 16
10C86FFD

PC#: 1751
LW G5 G0 6FFB 
CASE: 16
10D86FFB

PC#: 1752
LW G6 G0 6FF9 
CASE: 16
10E86FF9

PC#: 1753
LW G7 G0 6FF7 
CASE: 16
10F86FF7

PC#: 1754
ADD G0 G0 G1 
CASE: 0
00889000

PC#: 1755
SW G0 G3 6FFF 
CASE: 17
118B6FFF

PC#: 1756
SW G0 G4 6FFD 
CASE: 17
118C6FFD

PC#: 1757
SW G0 G5 6FFB 
CASE: 17
118D6FFB

PC#: 1758
SW G0 G6 6FF9 
CASE: 17
118E6FF9

PC#: 1759
SW G0 G7 6FF7 
CASE: 17
118F6FF7

PC#: 1760
ADDI G0 G0 0001 
CASE: 11
0B880001

PC#: 1761
SUB G0 G0 G1 
CASE: 1
01889000

PC#: 1762
BLT G2 G0 SHIFT_DOWN_WHILE: 
CASE: 18
12A806AF

PC#: 1763
JR LR   
CASE: 23
17500000

PC#: 1764
MOV G0 0006  
CASE: 26
1A800060

PC#: 1765
MOV G1 0000  
CASE: 26
1A900000

PC#: 1766
MOV G7 FFFF  
CASE: 26
1AFFFFF0

PC#: 1767
SW ZERO G0 0200 
CASE: 17
11080200

PC#: 1768
SW ZERO G7 0201 
CASE: 17
110F0201

PC#: 1769
SW ZERO G0 0202 
CASE: 17
11080202

PC#: 1770
SW ZERO ZERO 0203 
CASE: 17
11000203

PC#: 1771
SW ZERO G0 0204 
CASE: 17
11080204

PC#: 1772
SW ZERO G1 0205 
CASE: 17
11090205

PC#: 1773
LW G2 ZERO 020D 
CASE: 16
10A0020D

PC#: 1774
MOV G3 01BF  
CASE: 26
1AB01BF0

PC#: 1775
MOV G4 0040  
CASE: 26
1AC00400

PC#: 1776
MOV G5 01C0  
CASE: 26
1AD01C00

PC#: 1777
ADD G2 G2 G4 
CASE: 0
00AAC000

PC#: 1778
BLT G2 G3 NEW_PIECE_CONT: 
CASE: 18
12AB06F4

PC#: 1779
SUB G2 G2 G5 
CASE: 1
01AAD000

PC#: 1780
SW ZERO G2 020D 
CASE: 17
110A020D

PC#: 1781
SW ZERO G2 0211 
CASE: 17
110A0211

PC#: 1782
JMP WHILE_TRUE:   
CASE: 21
1506F700

PC#: 1783
LW G0 ZERO 0202 
CASE: 16
10800202

PC#: 1784
LW G1 ZERO 0203 
CASE: 16
10900203

PC#: 1785
LW G2 ZERO 020D 
CASE: 16
10A0020D

PC#: 1786
ADDI G2 G2 0020 
CASE: 11
0BAA0020

PC#: 1787
JAL COLLISION_CHECK: LR  
CASE: 22
16064D50

PC#: 1788
SW ZERO G0 0210 
CASE: 17
11080210

PC#: 1789
LW G0 ZERO 0200 
CASE: 16
10800200

PC#: 1790
LW G1 ZERO 0201 
CASE: 16
10900201

PC#: 1791
LW G2 ZERO 0211 
CASE: 16
10A00211

PC#: 1792
JAL CLEAR_SPRITE: LR  
CASE: 22
16060850

PC#: 1793
LW G0 ZERO 0210 
CASE: 16
10800210

PC#: 1794
SW ZERO ZERO 0210 
CASE: 17
11000210

PC#: 1795
BNE G0 ZERO PIECE_LANDED: 
CASE: 20
14800665

PC#: 1796
LW G0 ZERO 0202 
CASE: 16
10800202

PC#: 1797
LW G1 ZERO 0203 
CASE: 16
10900203

PC#: 1798
LW G2 ZERO 020D 
CASE: 16
10A0020D

PC#: 1799
JAL DRAW_SPRITE: LR  
CASE: 22
1605DC50

PC#: 1800
MOV CLK 0000  
CASE: 26
1A700000

PC#: 1801
MOV G0 0100  
CASE: 26
1A801000

PC#: 1802
SW SP G0 0001 
CASE: 17
11480001

PC#: 1803
ADDI SP SP 0001 
CASE: 11
0B440001

PC#: 1804
BLT G0 CLK CONT_MAIN: 
CASE: 18
12870758

PC#: 1805
BEQ KB ZERO WAIT: 
CASE: 19
1320070C

PC#: 1806
LW G0 ZERO 0202 
CASE: 16
10800202

PC#: 1807
LW G1 ZERO 0203 
CASE: 16
10900203

PC#: 1808
SW ZER0 G0 0200 
CASE: 17
11080200

PC#: 1809
SW ZERO G1 0201 
CASE: 17
11090201

PC#: 1810
MOV G4 0061  
CASE: 26
1AC00610

PC#: 1811
BNE KB G4 LEFT: 
CASE: 20
142C0720

PC#: 1812
SUBI G0 G0 0001 
CASE: 12
0C880001

PC#: 1813
SW SP G0 0001 
CASE: 17
11480001

PC#: 1814
SW SP G1 0002 
CASE: 17
11490002

PC#: 1815
ADDI SP SP 0002 
CASE: 11
0B440002

PC#: 1816
LW G2 ZERO 020D 
CASE: 16
10A0020D

PC#: 1817
ADDI G2 G2 0020 
CASE: 11
0BAA0020

PC#: 1818
JAL COLLISION_CHECK: LR  
CASE: 22
16064D50

PC#: 1819
ADD G2 G0 ZERO 
CASE: 0
00A80000

PC#: 1820
LW G1 SP 0000 
CASE: 16
10940000

PC#: 1821
LW G0 SP FFFF 
CASE: 16
1084FFFF

PC#: 1822
SUBI SP SP 0002 
CASE: 12
0C440002

PC#: 1823
ADD G0 G0 G2 
CASE: 0
0088A000

PC#: 1824
MOV G4 0064  
CASE: 26
1AC00640

PC#: 1825
BNE KB G4 RIGHT: 
CASE: 20
142C072E

PC#: 1826
ADDI G0 G0 0001 
CASE: 11
0B880001

PC#: 1827
SW SP G0 0001 
CASE: 17
11480001

PC#: 1828
SW SP G1 0002 
CASE: 17
11490002

PC#: 1829
ADDI SP SP 0002 
CASE: 11
0B440002

PC#: 1830
LW G2 ZERO 020D 
CASE: 16
10A0020D

PC#: 1831
ADDI G2 G2 0020 
CASE: 11
0BAA0020

PC#: 1832
JAL COLLISION_CHECK: LR  
CASE: 22
16064D50

PC#: 1833
ADD G2 G0 ZERO 
CASE: 0
00A80000

PC#: 1834
LW G1 SP 0000 
CASE: 16
10940000

PC#: 1835
LW G0 SP FFFF 
CASE: 16
1084FFFF

PC#: 1836
SUBI SP SP 0002 
CASE: 12
0C440002

PC#: 1837
SUB G0 G0 G2 
CASE: 1
0188A000

PC#: 1838
LW G7 ZERO 020D 
CASE: 16
10F0020D

PC#: 1839
SW ZERO G7 0211 
CASE: 17
110F0211

PC#: 1840
MOV G4 0020  
CASE: 26
1AC00200

PC#: 1841
BNE KB G4 ROTATE: 
CASE: 20
142C074B

PC#: 1842
LW G7 ZERO 020D 
CASE: 16
10F0020D

PC#: 1843
ADDI G7 G7 0005 
CASE: 11
0BFF0005

PC#: 1844
MOV G4 003F  
CASE: 26
1AC003F0

PC#: 1845
AND G5 G7 G4 
CASE: 6
06DFC000

PC#: 1846
MOV G4 0014  
CASE: 26
1AC00140

PC#: 1847
BNE G5 G4 RESET_ROTATE: 
CASE: 20
14DC0739

PC#: 1848
SUBI G7 G7 0014 
CASE: 12
0CFF0014

PC#: 1849
SW ZERO G7 020D 
CASE: 17
110F020D

PC#: 1850
SW SP G0 0001 
CASE: 17
11480001

PC#: 1851
SW SP G1 0002 
CASE: 17
11490002

PC#: 1852
ADDI SP SP 0002 
CASE: 11
0B440002

PC#: 1853
LW G2 ZERO 020D 
CASE: 16
10A0020D

PC#: 1854
ADDI G2 G2 0020 
CASE: 11
0BAA0020

PC#: 1855
JAL COLLISION_CHECK: LR  
CASE: 22
16064D50

PC#: 1856
ADD G2 G0 ZERO 
CASE: 0
00A80000

PC#: 1857
LW G1 SP 0000 
CASE: 16
10940000

PC#: 1858
LW G0 SP FFFF 
CASE: 16
1084FFFF

PC#: 1859
SUBI SP SP 0002 
CASE: 12
0C440002

PC#: 1860
MOV G3 0004  
CASE: 26
1AB00040

PC#: 1861
BLT G0 G3 RESET_CONT: 
CASE: 18
128B0748

PC#: 1862
SUB G0 G0 G2 
CASE: 1
0188A000

PC#: 1863
JMP RESET_CONT_CONT:   
CASE: 21
15074900

PC#: 1864
ADD G0 G0 G2 
CASE: 0
0088A000

PC#: 1865
SUB G1 G1 G2 
CASE: 1
0199A000

PC#: 1866
BNE G2 ZERO REPEAT_COLLISION_CHECK: 
CASE: 20
14A0073A

PC#: 1867
SW ZERO G0 0202 
CASE: 17
11080202

PC#: 1868
SW ZERO G1 0203 
CASE: 17
11090203

PC#: 1869
LW G0 ZERO 0200 
CASE: 16
10800200

PC#: 1870
LW G1 ZERO 0201 
CASE: 16
10900201

PC#: 1871
LW G2 ZERO 0211 
CASE: 16
10A00211

PC#: 1872
JAL CLEAR_SPRITE: LR  
CASE: 22
16060850

PC#: 1873
LW G0 ZERO 0202 
CASE: 16
10800202

PC#: 1874
LW G1 ZERO 0203 
CASE: 16
10900203

PC#: 1875
LW G2 ZERO 020D 
CASE: 16
10A0020D

PC#: 1876
JAL DRAW_SPRITE: LR  
CASE: 22
1605DC50

PC#: 1877
LW G0 SP 0000 
CASE: 16
10840000

PC#: 1878
MOV KB 0000  
CASE: 26
1A200000

PC#: 1879
BLT CLK G0 WAIT: 
CASE: 18
1278070C

PC#: 1880
SUBI SP SP 0001 
CASE: 12
0C440001

PC#: 1881
LW G0 ZERO 0202 
CASE: 16
10800202

PC#: 1882
LW G1 ZERO 0203 
CASE: 16
10900203

PC#: 1883
SW ZERO G0 0200 
CASE: 17
11080200

PC#: 1884
SW ZERO G1 0201 
CASE: 17
11090201

PC#: 1885
ADDI G1 G1 0001 
CASE: 11
0B990001

PC#: 1886
SW ZERO G0 0202 
CASE: 17
11080202

PC#: 1887
SW ZERO G1 0203 
CASE: 17
11090203

PC#: 1888
JMP WHILE_TRUE:   
CASE: 21
1506F700

